	VBus #0: DeltaSol BS Plus (0x4221)																				
Date	Temperatur Sensor 1 [ °C]	Temperatur Sensor 2 [ °C]	Temperatur Sensor 3 [ °C]	Temperatur Sensor 4 [ °C]	Drehzahl Pumpe 1 [ %]	Drehzahl Pumpe 2 [ %]	Relaismaske	Fehlermaske	Systemzeit	Schema	Option Kollektor Max.	Option Kollektor Min.	Option Kollektor Frost	Option Röhrenkollektor	Option Rückkühlung	Option WMZ	Betriebsstunden Relais 1	Betriebsstunden Relais 2	Wärmemenge [ Wh]	Version	
20.5.2022 0:00:00	16,0	53,0	61,0	23,7	0	0	0	0	00:06	8	0	0	0	0	0	0	5329	925	5251824	1,00	
20.5.2022 0:01:00	16,0	53,0	61,0	23,7	0	0	0	0	00:07	8	0	0	0	0	0	0	5329	925	5251824	1,00	
20.5.2022 0:02:00	16,0	53,0	61,0	23,7	0	0	0	0	00:08	8	0	0	0	0	0	0	5329	925	5251824	1,00	
20.5.2022 0:03:00	16,0	53,0	61,0	23,7	0	0	0	0	00:09	8	0	0	0	0	0	0	5329	925	5251824	1,00	
20.5.2022 0:04:00	16,0	52,9	61,0	23,7	0	0	0	0	00:10	8	0	0	0	0	0	0	5329	925	5251824	1,00	
20.5.2022 0:05:00	16,0	53,0	60,9	23,7	0	0	0	0	00:11	8	0	0	0	0	0	0	5329	925	5251824	1,00	
20.5.2022 0:06:00	16,0	52,9	61,0	23,7	0	0	0	0	00:12	8	0	0	0	0	0	0	5329	925	5251824	1,00	
20.5.2022 0:07:00	16,0	52,9	61,0	23,7	0	0	0	0	00:13	8	0	0	0	0	0	0	5329	925	5251824	1,00	
20.5.2022 0:08:00	16,0	53,0	61,0	23,7	0	0	0	0	00:14	8	0	0	0	0	0	0	5329	925	5251824	1,00	
20.5.2022 0:09:00	16,0	53,0	60,9	23,7	0	0	0	0	00:15	8	0	0	0	0	0	0	5329	925	5251824	1,00	
20.5.2022 0:10:00	16,0	52,9	60,9	23,7	0	0	0	0	00:16	8	0	0	0	0	0	0	5329	925	5251824	1,00	
20.5.2022 0:11:00	16,0	52,9	60,9	23,7	0	0	0	0	00:17	8	0	0	0	0	0	0	5329	925	5251824	1,00	
20.5.2022 0:12:00	16,0	52,9	60,9	23,7	0	0	0	0	00:18	8	0	0	0	0	0	0	5329	925	5251824	1,00	
20.5.2022 0:13:00	16,1	52,9	60,9	23,7	0	0	0	0	00:19	8	0	0	0	0	0	0	5329	925	5251824	1,00	
20.5.2022 0:14:00	16,1	52,9	60,8	23,7	0	0	0	0	00:20	8	0	0	0	0	0	0	5329	925	5251824	1,00	
20.5.2022 0:15:00	16,1	52,9	60,9	23,7	0	0	0	0	00:21	8	0	0	0	0	0	0	5329	925	5251824	1,00	
20.5.2022 0:16:00	16,2	52,9	60,9	23,7	0	0	0	0	00:22	8	0	0	0	0	0	0	5329	925	5251824	1,00	
20.5.2022 0:17:00	16,2	52,9	60,9	23,7	0	0	0	0	00:23	8	0	0	0	0	0	0	5329	925	5251824	1,00	
20.5.2022 0:18:00	16,2	52,9	60,9	23,7	0	0	0	0	00:24	8	0	0	0	0	0	0	5329	925	5251824	1,00	
20.5.2022 0:19:00	16,2	52,9	60,8	23,7	0	0	0	0	00:25	8	0	0	0	0	0	0	5329	925	5251824	1,00	
20.5.2022 0:20:00	16,2	52,9	60,9	23,7	0	0	0	0	00:26	8	0	0	0	0	0	0	5329	925	5251824	1,00	
20.5.2022 0:21:00	16,3	52,9	60,8	23,7	0	0	0	0	00:27	8	0	0	0	0	0	0	5329	925	5251824	1,00	
20.5.2022 0:22:00	16,2	52,9	60,8	23,6	0	0	0	0	00:28	8	0	0	0	0	0	0	5329	925	5251824	1,00	
20.5.2022 0:23:00	16,3	52,9	60,9	23,7	0	0	0	0	00:29	8	0	0	0	0	0	0	5329	925	5251824	1,00	
20.5.2022 0:24:00	16,4	52,9	60,8	23,7	0	0	0	0	00:30	8	0	0	0	0	0	0	5329	925	5251824	1,00	
20.5.2022 0:25:00	16,4	52,9	60,8	23,7	0	0	0	0	00:31	8	0	0	0	0	0	0	5329	925	5251824	1,00	
20.5.2022 0:26:00	16,4	52,8	60,8	23,7	0	0	0	0	00:32	8	0	0	0	0	0	0	5329	925	5251824	1,00	
20.5.2022 0:27:00	16,4	52,8	60,8	23,7	0	0	0	0	00:33	8	0	0	0	0	0	0	5329	925	5251824	1,00	
20.5.2022 0:28:00	16,4	52,8	60,8	23,7	0	0	0	0	00:34	8	0	0	0	0	0	0	5329	925	5251824	1,00	
20.5.2022 0:29:00	16,5	52,8	60,8	23,6	0	0	0	0	00:35	8	0	0	0	0	0	0	5329	925	5251824	1,00	
20.5.2022 0:30:00	16,5	52,8	60,8	23,7	0	0	0	0	00:36	8	0	0	0	0	0	0	5329	925	5251824	1,00	
20.5.2022 0:31:00	16,5	52,8	60,8	23,7	0	0	0	0	00:37	8	0	0	0	0	0	0	5329	925	5251824	1,00	
20.5.2022 0:32:00	16,6	52,8	60,8	23,7	0	0	0	0	00:38	8	0	0	0	0	0	0	5329	925	5251824	1,00	
20.5.2022 0:33:00	16,6	52,8	60,8	23,7	0	0	0	0	00:39	8	0	0	0	0	0	0	5329	925	5251824	1,00	
20.5.2022 0:34:00	16,7	52,8	60,8	23,7	0	0	0	0	00:40	8	0	0	0	0	0	0	5329	925	5251824	1,00	
20.5.2022 0:35:00	16,6	52,8	60,8	23,7	0	0	0	0	00:41	8	0	0	0	0	0	0	5329	925	5251824	1,00	
20.5.2022 0:36:00	16,7	52,8	60,8	23,7	0	0	0	0	00:42	8	0	0	0	0	0	0	5329	925	5251824	1,00	
20.5.2022 0:37:00	16,7	52,8	60,8	23,7	0	0	0	0	00:43	8	0	0	0	0	0	0	5329	925	5251824	1,00	
20.5.2022 0:38:00	16,8	52,8	60,8	23,7	0	0	0	0	00:44	8	0	0	0	0	0	0	5329	925	5251824	1,00	
20.5.2022 0:39:00	16,8	52,8	60,8	23,7	0	0	0	0	00:45	8	0	0	0	0	0	0	5329	925	5251824	1,00	
20.5.2022 0:40:00	16,9	52,8	60,8	23,7	0	0	0	0	00:46	8	0	0	0	0	0	0	5329	925	5251824	1,00	
20.5.2022 0:41:00	16,9	52,7	60,8	23,7	0	0	0	0	00:47	8	0	0	0	0	0	0	5329	925	5251824	1,00	
20.5.2022 0:42:00	16,9	52,7	60,8	23,7	0	0	0	0	00:48	8	0	0	0	0	0	0	5329	925	5251824	1,00	
20.5.2022 0:43:00	16,9	52,7	60,8	23,7	0	0	0	0	00:49	8	0	0	0	0	0	0	5329	925	5251824	1,00	
20.5.2022 0:44:00	16,9	52,7	60,8	23,7	0	0	0	0	00:50	8	0	0	0	0	0	0	5329	925	5251824	1,00	
20.5.2022 0:45:00	16,9	52,8	60,8	23,7	0	0	0	0	00:51	8	0	0	0	0	0	0	5329	925	5251824	1,00	
20.5.2022 0:46:00	16,9	52,7	60,7	23,7	0	0	0	0	00:52	8	0	0	0	0	0	0	5329	925	5251824	1,00	
20.5.2022 0:47:00	16,9	52,8	60,7	23,7	0	0	0	0	00:53	8	0	0	0	0	0	0	5329	925	5251824	1,00	
20.5.2022 0:48:00	17,0	52,7	60,7	23,7	0	0	0	0	00:54	8	0	0	0	0	0	0	5329	925	5251824	1,00	
20.5.2022 0:49:00	17,0	52,7	60,7	23,7	0	0	0	0	00:55	8	0	0	0	0	0	0	5329	925	5251824	1,00	
20.5.2022 0:50:00	17,0	52,7	60,7	23,7	0	0	0	0	00:56	8	0	0	0	0	0	0	5329	925	5251824	1,00	
20.5.2022 0:51:00	17,0	52,7	60,7	23,7	0	0	0	0	00:57	8	0	0	0	0	0	0	5329	925	5251824	1,00	
20.5.2022 0:52:00	17,1	52,7	60,7	23,6	0	0	0	0	00:58	8	0	0	0	0	0	0	5329	925	5251824	1,00	
20.5.2022 0:53:00	17,2	52,6	60,7	23,7	0	0	0	0	00:59	8	0	0	0	0	0	0	5329	925	5251824	1,00	
20.5.2022 0:54:00	17,2	52,7	60,7	23,7	0	0	0	0	01:00	8	0	0	0	0	0	0	5329	925	5251824	1,00	
20.5.2022 0:55:00	17,2	52,7	60,7	23,7	0	0	0	0	01:01	8	0	0	0	0	0	0	5329	925	5251824	1,00	
20.5.2022 0:56:00	17,3	52,7	60,7	23,6	0	0	0	0	01:02	8	0	0	0	0	0	0	5329	925	5251824	1,00	
20.5.2022 0:57:00	17,3	52,6	60,7	23,7	0	0	0	0	01:03	8	0	0	0	0	0	0	5329	925	5251824	1,00	
20.5.2022 0:58:00	17,3	52,6	60,7	23,7	0	0	0	0	01:04	8	0	0	0	0	0	0	5329	925	5251824	1,00	
20.5.2022 0:59:00	17,3	52,6	60,7	23,7	0	0	0	0	01:05	8	0	0	0	0	0	0	5329	925	5251824	1,00	
20.5.2022 1:00:00	17,4	52,6	60,7	23,6	0	0	0	0	01:06	8	0	0	0	0	0	0	5329	925	5251824	1,00	
20.5.2022 1:01:00	17,4	52,6	60,7	23,6	0	0	0	0	01:07	8	0	0	0	0	0	0	5329	925	5251824	1,00	
20.5.2022 1:02:00	17,4	52,6	60,6	23,7	0	0	0	0	01:08	8	0	0	0	0	0	0	5329	925	5251824	1,00	
20.5.2022 1:03:00	17,4	52,6	60,6	23,7	0	0	0	0	01:09	8	0	0	0	0	0	0	5329	925	5251824	1,00	
20.5.2022 1:04:00	17,4	52,6	60,6	23,7	0	0	0	0	01:10	8	0	0	0	0	0	0	5329	925	5251824	1,00	
20.5.2022 1:05:00	17,4	52,6	60,6	23,7	0	0	0	0	01:11	8	0	0	0	0	0	0	5329	925	5251824	1,00	
20.5.2022 1:06:00	17,5	52,6	60,6	23,6	0	0	0	0	01:12	8	0	0	0	0	0	0	5329	925	5251824	1,00	
20.5.2022 1:07:00	17,5	52,6	60,6	23,7	0	0	0	0	01:13	8	0	0	0	0	0	0	5329	925	5251824	1,00	
20.5.2022 1:08:00	17,5	52,6	60,6	23,7	0	0	0	0	01:14	8	0	0	0	0	0	0	5329	925	5251824	1,00	
20.5.2022 1:09:00	17,5	52,6	60,6	23,7	0	0	0	0	01:15	8	0	0	0	0	0	0	5329	925	5251824	1,00	
20.5.2022 1:10:00	17,5	52,6	60,6	23,7	0	0	0	0	01:16	8	0	0	0	0	0	0	5329	925	5251824	1,00	
20.5.2022 1:11:00	17,5	52,6	60,6	23,6	0	0	0	0	01:17	8	0	0	0	0	0	0	5329	925	5251824	1,00	
20.5.2022 1:12:00	17,5	52,6	60,6	23,7	0	0	0	0	01:18	8	0	0	0	0	0	0	5329	925	5251824	1,00	
20.5.2022 1:13:00	17,5	52,6	60,6	23,6	0	0	0	0	01:19	8	0	0	0	0	0	0	5329	925	5251824	1,00	
20.5.2022 1:14:00	17,5	52,6	60,6	23,6	0	0	0	0	01:20	8	0	0	0	0	0	0	5329	925	5251824	1,00	
20.5.2022 1:15:00	17,5	52,6	60,6	23,6	0	0	0	0	01:21	8	0	0	0	0	0	0	5329	925	5251824	1,00	
20.5.2022 1:16:00	17,5	52,6	60,6	23,6	0	0	0	0	01:22	8	0	0	0	0	0	0	5329	925	5251824	1,00	
20.5.2022 1:17:00	17,5	52,6	60,5	23,6	0	0	0	0	01:23	8	0	0	0	0	0	0	5329	925	5251824	1,00	
20.5.2022 1:18:00	17,5	52,6	60,6	23,6	0	0	0	0	01:24	8	0	0	0	0	0	0	5329	925	5251824	1,00	
20.5.2022 1:19:00	17,5	52,6	60,5	23,7	0	0	0	0	01:25	8	0	0	0	0	0	0	5329	925	5251824	1,00	
20.5.2022 1:20:00	17,5	52,5	60,5	23,6	0	0	0	0	01:26	8	0	0	0	0	0	0	5329	925	5251824	1,00	
20.5.2022 1:21:00	17,5	52,5	60,5	23,6	0	0	0	0	01:27	8	0	0	0	0	0	0	5329	925	5251824	1,00	
20.5.2022 1:22:00	17,6	52,6	60,5	23,6	0	0	0	0	01:28	8	0	0	0	0	0	0	5329	925	5251824	1,00	
20.5.2022 1:23:00	17,6	52,6	60,5	23,6	0	0	0	0	01:29	8	0	0	0	0	0	0	5329	925	5251824	1,00	
20.5.2022 1:24:00	17,6	52,6	60,5	23,7	0	0	0	0	01:30	8	0	0	0	0	0	0	5329	925	5251824	1,00	
20.5.2022 1:25:00	17,6	52,5	60,5	23,6	0	0	0	0	01:31	8	0	0	0	0	0	0	5329	925	5251824	1,00	
20.5.2022 1:26:00	17,7	52,5	60,5	23,6	0	0	0	0	01:32	8	0	0	0	0	0	0	5329	925	5251824	1,00	
20.5.2022 1:27:00	17,7	52,5	60,4	23,7	0	0	0	0	01:33	8	0	0	0	0	0	0	5329	925	5251824	1,00	
20.5.2022 1:28:00	17,7	52,5	60,4	23,6	0	0	0	0	01:34	8	0	0	0	0	0	0	5329	925	5251824	1,00	
20.5.2022 1:29:00	17,7	52,5	60,5	23,6	0	0	0	0	01:35	8	0	0	0	0	0	0	5329	925	5251824	1,00	
20.5.2022 1:30:00	17,7	52,5	60,5	23,7	0	0	0	0	01:36	8	0	0	0	0	0	0	5329	925	5251824	1,00	
20.5.2022 1:31:00	17,8	52,5	60,5	23,6	0	0	0	0	01:37	8	0	0	0	0	0	0	5329	925	5251824	1,00	
20.5.2022 1:32:00	17,8	52,5	60,5	23,7	0	0	0	0	01:38	8	0	0	0	0	0	0	5329	925	5251824	1,00	
20.5.2022 1:33:00	17,8	52,5	60,4	23,7	0	0	0	0	01:39	8	0	0	0	0	0	0	5329	925	5251824	1,00	
20.5.2022 1:34:00	17,8	52,5	60,4	23,6	0	0	0	0	01:40	8	0	0	0	0	0	0	5329	925	5251824	1,00	
20.5.2022 1:35:00	17,9	52,5	60,5	23,6	0	0	0	0	01:41	8	0	0	0	0	0	0	5329	925	5251824	1,00	
20.5.2022 1:36:00	17,9	52,5	60,4	23,6	0	0	0	0	01:42	8	0	0	0	0	0	0	5329	925	5251824	1,00	
20.5.2022 1:37:00	17,9	52,5	60,4	23,6	0	0	0	0	01:43	8	0	0	0	0	0	0	5329	925	5251824	1,00	
20.5.2022 1:38:00	17,9	52,5	60,4	23,6	0	0	0	0	01:44	8	0	0	0	0	0	0	5329	925	5251824	1,00	
20.5.2022 1:39:00	17,9	52,5	60,4	23,6	0	0	0	0	01:45	8	0	0	0	0	0	0	5329	925	5251824	1,00	
20.5.2022 1:40:00	17,9	52,4	60,5	23,6	0	0	0	0	01:46	8	0	0	0	0	0	0	5329	925	5251824	1,00	
20.5.2022 1:41:00	18,0	52,5	60,4	23,6	0	0	0	0	01:47	8	0	0	0	0	0	0	5329	925	5251824	1,00	
20.5.2022 1:42:00	18,0	52,4	60,4	23,6	0	0	0	0	01:48	8	0	0	0	0	0	0	5329	925	5251824	1,00	
20.5.2022 1:43:00	18,0	52,5	60,4	23,6	0	0	0	0	01:49	8	0	0	0	0	0	0	5329	925	5251824	1,00	
20.5.2022 1:44:00	18,0	52,4	60,4	23,6	0	0	0	0	01:50	8	0	0	0	0	0	0	5329	925	5251824	1,00	
20.5.2022 1:45:00	18,0	52,4	60,4	23,6	0	0	0	0	01:51	8	0	0	0	0	0	0	5329	925	5251824	1,00	
20.5.2022 1:46:00	18,0	52,4	60,4	23,7	0	0	0	0	01:52	8	0	0	0	0	0	0	5329	925	5251824	1,00	
20.5.2022 1:47:00	18,0	52,4	60,4	23,6	0	0	0	0	01:53	8	0	0	0	0	0	0	5329	925	5251824	1,00	
20.5.2022 1:48:00	18,0	52,4	60,4	23,7	0	0	0	0	01:54	8	0	0	0	0	0	0	5329	925	5251824	1,00	
20.5.2022 1:49:00	18,0	52,4	60,4	23,6	0	0	0	0	01:55	8	0	0	0	0	0	0	5329	925	5251824	1,00	
20.5.2022 1:50:00	18,0	52,4	60,4	23,6	0	0	0	0	01:56	8	0	0	0	0	0	0	5329	925	5251824	1,00	
20.5.2022 1:51:00	18,0	52,4	60,4	23,6	0	0	0	0	01:57	8	0	0	0	0	0	0	5329	925	5251824	1,00	
20.5.2022 1:52:00	18,0	52,4	60,4	23,6	0	0	0	0	01:58	8	0	0	0	0	0	0	5329	925	5251824	1,00	
20.5.2022 1:53:00	18,0	52,4	60,4	23,6	0	0	0	0	01:59	8	0	0	0	0	0	0	5329	925	5251824	1,00	
20.5.2022 1:54:00	18,0	52,4	60,4	23,6	0	0	0	0	02:00	8	0	0	0	0	0	0	5329	925	5251824	1,00	
20.5.2022 1:55:00	18,0	52,4	60,4	23,6	0	0	0	0	02:01	8	0	0	0	0	0	0	5329	925	5251824	1,00	
20.5.2022 1:56:00	18,0	52,4	60,4	23,6	0	0	0	0	02:02	8	0	0	0	0	0	0	5329	925	5251824	1,00	
20.5.2022 1:57:00	18,0	52,4	60,4	23,7	0	0	0	0	02:03	8	0	0	0	0	0	0	5329	925	5251824	1,00	
20.5.2022 1:58:00	18,0	52,4	60,4	23,6	0	0	0	0	02:04	8	0	0	0	0	0	0	5329	925	5251824	1,00	
20.5.2022 1:59:00	18,0	52,4	60,3	23,6	0	0	0	0	02:05	8	0	0	0	0	0	0	5329	925	5251824	1,00	
20.5.2022 2:00:00	18,0	52,4	60,3	23,6	0	0	0	0	02:06	8	0	0	0	0	0	0	5329	925	5251824	1,00	
20.5.2022 2:01:00	18,0	52,4	60,3	23,6	0	0	0	0	02:07	8	0	0	0	0	0	0	5329	925	5251824	1,00	
20.5.2022 2:02:00	18,0	52,4	60,3	23,6	0	0	0	0	02:08	8	0	0	0	0	0	0	5329	925	5251824	1,00	
20.5.2022 2:03:00	18,0	52,4	60,3	23,6	0	0	0	0	02:09	8	0	0	0	0	0	0	5329	925	5251824	1,00	
20.5.2022 2:04:00	18,0	52,4	60,3	23,5	0	0	0	0	02:10	8	0	0	0	0	0	0	5329	925	5251824	1,00	
20.5.2022 2:05:00	18,0	52,4	60,3	23,6	0	0	0	0	02:11	8	0	0	0	0	0	0	5329	925	5251824	1,00	
20.5.2022 2:06:00	18,0	52,4	60,3	23,6	0	0	0	0	02:12	8	0	0	0	0	0	0	5329	925	5251824	1,00	
20.5.2022 2:07:00	18,0	52,4	60,3	23,6	0	0	0	0	02:13	8	0	0	0	0	0	0	5329	925	5251824	1,00	
20.5.2022 2:08:00	18,0	52,4	60,3	23,6	0	0	0	0	02:14	8	0	0	0	0	0	0	5329	925	5251824	1,00	
20.5.2022 2:09:00	18,0	52,4	60,3	23,6	0	0	0	0	02:15	8	0	0	0	0	0	0	5329	925	5251824	1,00	
20.5.2022 2:10:00	18,0	52,4	60,3	23,6	0	0	0	0	02:16	8	0	0	0	0	0	0	5329	925	5251824	1,00	
20.5.2022 2:11:00	18,0	52,4	60,3	23,6	0	0	0	0	02:17	8	0	0	0	0	0	0	5329	925	5251824	1,00	
20.5.2022 2:12:00	18,0	52,4	60,3	23,6	0	0	0	0	02:18	8	0	0	0	0	0	0	5329	925	5251824	1,00	
20.5.2022 2:13:00	18,0	52,3	60,2	23,6	0	0	0	0	02:19	8	0	0	0	0	0	0	5329	925	5251824	1,00	
20.5.2022 2:14:00	18,0	52,3	60,3	23,6	0	0	0	0	02:20	8	0	0	0	0	0	0	5329	925	5251824	1,00	
20.5.2022 2:15:00	18,0	52,3	60,2	23,6	0	0	0	0	02:21	8	0	0	0	0	0	0	5329	925	5251824	1,00	
20.5.2022 2:16:00	18,0	52,3	60,3	23,6	0	0	0	0	02:22	8	0	0	0	0	0	0	5329	925	5251824	1,00	
20.5.2022 2:17:00	17,9	52,3	60,2	23,6	0	0	0	0	02:23	8	0	0	0	0	0	0	5329	925	5251824	1,00	
20.5.2022 2:18:00	17,9	52,3	60,2	23,6	0	0	0	0	02:24	8	0	0	0	0	0	0	5329	925	5251824	1,00	
20.5.2022 2:19:00	17,9	52,3	60,2	23,6	0	0	0	0	02:25	8	0	0	0	0	0	0	5329	925	5251824	1,00	
20.5.2022 2:20:00	17,9	52,3	60,2	23,6	0	0	0	0	02:26	8	0	0	0	0	0	0	5329	925	5251824	1,00	
20.5.2022 2:21:00	17,9	52,3	60,2	23,6	0	0	0	0	02:27	8	0	0	0	0	0	0	5329	925	5251824	1,00	
20.5.2022 2:22:00	17,9	52,3	60,2	23,6	0	0	0	0	02:28	8	0	0	0	0	0	0	5329	925	5251824	1,00	
20.5.2022 2:23:00	17,9	52,3	60,2	23,6	0	0	0	0	02:29	8	0	0	0	0	0	0	5329	925	5251824	1,00	
20.5.2022 2:24:00	17,9	52,3	60,2	23,6	0	0	0	0	02:30	8	0	0	0	0	0	0	5329	925	5251824	1,00	
20.5.2022 2:25:00	17,9	52,3	60,2	23,6	0	0	0	0	02:31	8	0	0	0	0	0	0	5329	925	5251824	1,00	
20.5.2022 2:26:00	18,0	52,3	60,2	23,6	0	0	0	0	02:32	8	0	0	0	0	0	0	5329	925	5251824	1,00	
20.5.2022 2:27:00	18,0	52,3	60,2	23,6	0	0	0	0	02:33	8	0	0	0	0	0	0	5329	925	5251824	1,00	
20.5.2022 2:28:00	18,0	52,3	60,2	23,6	0	0	0	0	02:34	8	0	0	0	0	0	0	5329	925	5251824	1,00	
20.5.2022 2:29:00	17,9	52,3	60,2	23,6	0	0	0	0	02:35	8	0	0	0	0	0	0	5329	925	5251824	1,00	
20.5.2022 2:30:00	18,0	52,3	60,2	23,6	0	0	0	0	02:36	8	0	0	0	0	0	0	5329	925	5251824	1,00	
20.5.2022 2:31:00	17,9	52,3	60,2	23,6	0	0	0	0	02:37	8	0	0	0	0	0	0	5329	925	5251824	1,00	
20.5.2022 2:32:00	17,9	52,3	60,1	23,6	0	0	0	0	02:38	8	0	0	0	0	0	0	5329	925	5251824	1,00	
20.5.2022 2:33:00	18,0	52,3	60,2	23,6	0	0	0	0	02:39	8	0	0	0	0	0	0	5329	925	5251824	1,00	
20.5.2022 2:34:00	17,9	52,3	60,1	23,6	0	0	0	0	02:40	8	0	0	0	0	0	0	5329	925	5251824	1,00	
20.5.2022 2:35:00	18,0	52,2	60,1	23,6	0	0	0	0	02:41	8	0	0	0	0	0	0	5329	925	5251824	1,00	
20.5.2022 2:36:00	18,0	52,3	60,1	23,6	0	0	0	0	02:42	8	0	0	0	0	0	0	5329	925	5251824	1,00	
20.5.2022 2:37:00	18,0	52,3	60,1	23,6	0	0	0	0	02:43	8	0	0	0	0	0	0	5329	925	5251824	1,00	
20.5.2022 2:38:00	17,9	52,3	60,1	23,6	0	0	0	0	02:44	8	0	0	0	0	0	0	5329	925	5251824	1,00	
20.5.2022 2:39:00	17,9	52,3	60,1	23,6	0	0	0	0	02:45	8	0	0	0	0	0	0	5329	925	5251824	1,00	
20.5.2022 2:40:00	18,0	52,2	60,1	23,6	0	0	0	0	02:46	8	0	0	0	0	0	0	5329	925	5251824	1,00	
20.5.2022 2:41:00	18,0	52,3	60,0	23,6	0	0	0	0	02:47	8	0	0	0	0	0	0	5329	925	5251824	1,00	
20.5.2022 2:42:00	18,0	52,2	60,1	23,5	0	0	0	0	02:48	8	0	0	0	0	0	0	5329	925	5251824	1,00	
20.5.2022 2:43:00	18,0	52,3	60,0	23,6	0	0	0	0	02:49	8	0	0	0	0	0	0	5329	925	5251824	1,00	
20.5.2022 2:44:00	18,0	52,2	60,1	23,6	0	0	0	0	02:50	8	0	0	0	0	0	0	5329	925	5251824	1,00	
20.5.2022 2:45:00	18,0	52,2	60,1	23,6	0	0	0	0	02:51	8	0	0	0	0	0	0	5329	925	5251824	1,00	
20.5.2022 2:46:00	18,0	52,2	60,0	23,6	0	0	0	0	02:52	8	0	0	0	0	0	0	5329	925	5251824	1,00	
20.5.2022 2:47:00	18,0	52,2	60,0	23,5	0	0	0	0	02:53	8	0	0	0	0	0	0	5329	925	5251824	1,00	
20.5.2022 2:48:00	18,1	52,2	60,0	23,6	0	0	0	0	02:54	8	0	0	0	0	0	0	5329	925	5251824	1,00	
20.5.2022 2:49:00	18,1	52,2	60,1	23,6	0	0	0	0	02:55	8	0	0	0	0	0	0	5329	925	5251824	1,00	
20.5.2022 2:50:00	18,1	52,2	60,0	23,6	0	0	0	0	02:56	8	0	0	0	0	0	0	5329	925	5251824	1,00	
20.5.2022 2:51:00	18,1	52,2	60,0	23,6	0	0	0	0	02:57	8	0	0	0	0	0	0	5329	925	5251824	1,00	
20.5.2022 2:52:00	18,1	52,2	60,0	23,5	0	0	0	0	02:58	8	0	0	0	0	0	0	5329	925	5251824	1,00	
20.5.2022 2:53:00	18,1	52,2	60,0	23,6	0	0	0	0	02:59	8	0	0	0	0	0	0	5329	925	5251824	1,00	
20.5.2022 2:54:00	18,2	52,2	60,0	23,6	0	0	0	0	03:00	8	0	0	0	0	0	0	5329	925	5251824	1,00	
20.5.2022 2:55:00	18,2	52,2	60,0	23,6	0	0	0	0	03:01	8	0	0	0	0	0	0	5329	925	5251824	1,00	
20.5.2022 2:56:00	18,2	52,2	60,0	23,6	0	0	0	0	03:02	8	0	0	0	0	0	0	5329	925	5251824	1,00	
20.5.2022 2:57:00	18,3	52,2	60,0	23,5	0	0	0	0	03:03	8	0	0	0	0	0	0	5329	925	5251824	1,00	
20.5.2022 2:58:00	18,3	52,1	60,0	23,6	0	0	0	0	03:04	8	0	0	0	0	0	0	5329	925	5251824	1,00	
20.5.2022 2:59:00	18,3	52,2	60,0	23,6	0	0	0	0	03:05	8	0	0	0	0	0	0	5329	925	5251824	1,00	
20.5.2022 3:00:00	18,3	52,2	60,0	23,6	0	0	0	0	03:06	8	0	0	0	0	0	0	5329	925	5251824	1,00	
20.5.2022 3:01:00	18,3	52,2	60,0	23,6	0	0	0	0	03:07	8	0	0	0	0	0	0	5329	925	5251824	1,00	
20.5.2022 3:02:00	18,3	52,1	60,0	23,6	0	0	0	0	03:08	8	0	0	0	0	0	0	5329	925	5251824	1,00	
20.5.2022 3:03:00	18,3	52,1	60,0	23,6	0	0	0	0	03:09	8	0	0	0	0	0	0	5329	925	5251824	1,00	
20.5.2022 3:04:00	18,3	52,1	60,0	23,6	0	0	0	0	03:10	8	0	0	0	0	0	0	5329	925	5251824	1,00	
20.5.2022 3:05:00	18,3	52,1	60,0	23,5	0	0	0	0	03:11	8	0	0	0	0	0	0	5329	925	5251824	1,00	
20.5.2022 3:06:00	18,3	52,1	60,0	23,6	0	0	0	0	03:12	8	0	0	0	0	0	0	5329	925	5251824	1,00	
20.5.2022 3:07:00	18,3	52,1	60,0	23,5	0	0	0	0	03:13	8	0	0	0	0	0	0	5329	925	5251824	1,00	
20.5.2022 3:08:00	18,3	52,1	60,0	23,5	0	0	0	0	03:14	8	0	0	0	0	0	0	5329	925	5251824	1,00	
20.5.2022 3:09:00	18,3	52,1	60,0	23,5	0	0	0	0	03:15	8	0	0	0	0	0	0	5329	925	5251824	1,00	
20.5.2022 3:10:00	18,3	52,1	59,9	23,6	0	0	0	0	03:16	8	0	0	0	0	0	0	5329	925	5251824	1,00	
20.5.2022 3:11:00	18,3	52,1	59,9	23,6	0	0	0	0	03:17	8	0	0	0	0	0	0	5329	925	5251824	1,00	
20.5.2022 3:12:00	18,3	52,1	59,9	23,5	0	0	0	0	03:18	8	0	0	0	0	0	0	5329	925	5251824	1,00	
20.5.2022 3:13:00	18,3	52,1	59,9	23,6	0	0	0	0	03:19	8	0	0	0	0	0	0	5329	925	5251824	1,00	
20.5.2022 3:14:00	18,2	52,1	59,9	23,6	0	0	0	0	03:20	8	0	0	0	0	0	0	5329	925	5251824	1,00	
20.5.2022 3:15:00	18,2	52,1	59,9	23,6	0	0	0	0	03:21	8	0	0	0	0	0	0	5329	925	5251824	1,00	
20.5.2022 3:16:00	18,2	52,1	59,9	23,6	0	0	0	0	03:22	8	0	0	0	0	0	0	5329	925	5251824	1,00	
20.5.2022 3:17:00	18,2	52,1	59,9	23,5	0	0	0	0	03:23	8	0	0	0	0	0	0	5329	925	5251824	1,00	
20.5.2022 3:18:00	18,2	52,1	59,9	23,6	0	0	0	0	03:24	8	0	0	0	0	0	0	5329	925	5251824	1,00	
20.5.2022 3:19:00	18,2	52,0	59,9	23,5	0	0	0	0	03:25	8	0	0	0	0	0	0	5329	925	5251824	1,00	
20.5.2022 3:20:00	18,2	52,0	59,9	23,6	0	0	0	0	03:26	8	0	0	0	0	0	0	5329	925	5251824	1,00	
20.5.2022 3:21:00	18,2	52,1	59,9	23,6	0	0	0	0	03:27	8	0	0	0	0	0	0	5329	925	5251824	1,00	
20.5.2022 3:22:00	18,2	52,0	59,9	23,6	0	0	0	0	03:28	8	0	0	0	0	0	0	5329	925	5251824	1,00	
20.5.2022 3:23:00	18,1	52,1	59,9	23,5	0	0	0	0	03:29	8	0	0	0	0	0	0	5329	925	5251824	1,00	
20.5.2022 3:24:00	18,2	52,0	59,9	23,6	0	0	0	0	03:30	8	0	0	0	0	0	0	5329	925	5251824	1,00	
20.5.2022 3:25:00	18,1	52,0	59,9	23,5	0	0	0	0	03:31	8	0	0	0	0	0	0	5329	925	5251824	1,00	
20.5.2022 3:26:00	18,1	52,0	59,9	23,5	0	0	0	0	03:32	8	0	0	0	0	0	0	5329	925	5251824	1,00	
20.5.2022 3:27:00	18,1	52,0	59,9	23,5	0	0	0	0	03:33	8	0	0	0	0	0	0	5329	925	5251824	1,00	
20.5.2022 3:28:00	18,0	51,9	59,9	23,6	0	0	0	0	03:34	8	0	0	0	0	0	0	5329	925	5251824	1,00	
20.5.2022 3:29:00	18,0	52,0	59,9	23,6	0	0	0	0	03:35	8	0	0	0	0	0	0	5329	925	5251824	1,00	
20.5.2022 3:30:00	18,0	52,0	59,9	23,5	0	0	0	0	03:36	8	0	0	0	0	0	0	5329	925	5251824	1,00	
20.5.2022 3:31:00	18,0	52,0	59,9	23,5	0	0	0	0	03:37	8	0	0	0	0	0	0	5329	925	5251824	1,00	
20.5.2022 3:32:00	18,0	52,0	59,9	23,5	0	0	0	0	03:38	8	0	0	0	0	0	0	5329	925	5251824	1,00	
20.5.2022 3:33:00	18,0	51,9	59,9	23,5	0	0	0	0	03:39	8	0	0	0	0	0	0	5329	925	5251824	1,00	
20.5.2022 3:34:00	18,0	52,0	59,9	23,5	0	0	0	0	03:40	8	0	0	0	0	0	0	5329	925	5251824	1,00	
20.5.2022 3:35:00	18,0	51,9	59,9	23,6	0	0	0	0	03:41	8	0	0	0	0	0	0	5329	925	5251824	1,00	
20.5.2022 3:36:00	18,0	51,9	59,9	23,5	0	0	0	0	03:42	8	0	0	0	0	0	0	5329	925	5251824	1,00	
20.5.2022 3:37:00	18,0	51,9	59,9	23,5	0	0	0	0	03:43	8	0	0	0	0	0	0	5329	925	5251824	1,00	
20.5.2022 3:38:00	18,0	51,9	59,9	23,6	0	0	0	0	03:44	8	0	0	0	0	0	0	5329	925	5251824	1,00	
20.5.2022 3:39:00	18,0	51,9	59,9	23,5	0	0	0	0	03:45	8	0	0	0	0	0	0	5329	925	5251824	1,00	
20.5.2022 3:40:00	18,0	51,9	59,9	23,5	0	0	0	0	03:46	8	0	0	0	0	0	0	5329	925	5251824	1,00	
20.5.2022 3:41:00	18,0	51,9	59,9	23,5	0	0	0	0	03:47	8	0	0	0	0	0	0	5329	925	5251824	1,00	
20.5.2022 3:42:00	18,0	51,9	59,7	23,5	0	0	0	0	03:48	8	0	0	0	0	0	0	5329	925	5251824	1,00	
20.5.2022 3:43:00	18,0	51,9	59,7	23,5	0	0	0	0	03:49	8	0	0	0	0	0	0	5329	925	5251824	1,00	
20.5.2022 3:44:00	18,0	51,9	59,9	23,6	0	0	0	0	03:50	8	0	0	0	0	0	0	5329	925	5251824	1,00	
20.5.2022 3:45:00	18,0	51,8	59,7	23,6	0	0	0	0	03:51	8	0	0	0	0	0	0	5329	925	5251824	1,00	
20.5.2022 3:46:00	18,0	51,8	59,7	23,5	0	0	0	0	03:52	8	0	0	0	0	0	0	5329	925	5251824	1,00	
20.5.2022 3:47:00	18,0	51,8	59,7	23,5	0	0	0	0	03:53	8	0	0	0	0	0	0	5329	925	5251824	1,00	
20.5.2022 3:48:00	18,1	51,8	59,7	23,5	0	0	0	0	03:54	8	0	0	0	0	0	0	5329	925	5251824	1,00	
20.5.2022 3:49:00	18,1	51,8	59,7	23,5	0	0	0	0	03:55	8	0	0	0	0	0	0	5329	925	5251824	1,00	
20.5.2022 3:50:00	18,2	51,8	59,7	23,5	0	0	0	0	03:56	8	0	0	0	0	0	0	5329	925	5251824	1,00	
20.5.2022 3:51:00	18,2	51,7	59,6	23,5	0	0	0	0	03:57	8	0	0	0	0	0	0	5329	925	5251824	1,00	
20.5.2022 3:52:00	18,2	51,7	59,6	23,5	0	0	0	0	03:58	8	0	0	0	0	0	0	5329	925	5251824	1,00	
20.5.2022 3:53:00	18,2	51,7	59,6	23,5	0	0	0	0	03:59	8	0	0	0	0	0	0	5329	925	5251824	1,00	
20.5.2022 3:54:00	18,2	51,7	59,6	23,5	0	0	0	0	04:00	8	0	0	0	0	0	0	5329	925	5251824	1,00	
20.5.2022 3:55:00	18,3	51,7	59,6	23,5	0	0	0	0	04:01	8	0	0	0	0	0	0	5329	925	5251824	1,00	
20.5.2022 3:56:00	18,3	51,7	59,6	23,5	0	0	0	0	04:02	8	0	0	0	0	0	0	5329	925	5251824	1,00	
20.5.2022 3:57:00	18,4	51,7	59,6	23,6	0	0	0	0	04:03	8	0	0	0	0	0	0	5329	925	5251824	1,00	
20.5.2022 3:58:00	18,4	51,7	59,6	23,6	0	0	0	0	04:04	8	0	0	0	0	0	0	5329	925	5251824	1,00	
20.5.2022 3:59:00	18,5	51,7	59,6	23,5	0	0	0	0	04:05	8	0	0	0	0	0	0	5329	925	5251824	1,00	
20.5.2022 4:00:00	18,4	51,7	59,6	23,5	0	0	0	0	04:06	8	0	0	0	0	0	0	5329	925	5251824	1,00	
20.5.2022 4:01:00	18,5	51,7	59,6	23,5	0	0	0	0	04:07	8	0	0	0	0	0	0	5329	925	5251824	1,00	
20.5.2022 4:02:00	18,5	51,7	59,6	23,5	0	0	0	0	04:08	8	0	0	0	0	0	0	5329	925	5251824	1,00	
20.5.2022 4:03:00	18,5	51,7	59,6	23,4	0	0	0	0	04:09	8	0	0	0	0	0	0	5329	925	5251824	1,00	
20.5.2022 4:04:00	18,5	51,7	59,6	23,5	0	0	0	0	04:10	8	0	0	0	0	0	0	5329	925	5251824	1,00	
20.5.2022 4:05:00	18,5	51,6	59,6	23,5	0	0	0	0	04:11	8	0	0	0	0	0	0	5329	925	5251824	1,00	
20.5.2022 4:06:00	18,6	51,6	59,6	23,6	0	0	0	0	04:12	8	0	0	0	0	0	0	5329	925	5251824	1,00	
20.5.2022 4:07:00	18,6	51,6	59,6	23,4	0	0	0	0	04:13	8	0	0	0	0	0	0	5329	925	5251824	1,00	
20.5.2022 4:08:00	18,6	51,6	59,6	23,5	0	0	0	0	04:14	8	0	0	0	0	0	0	5329	925	5251824	1,00	
20.5.2022 4:09:00	18,7	51,6	59,6	23,5	0	0	0	0	04:15	8	0	0	0	0	0	0	5329	925	5251824	1,00	
20.5.2022 4:10:00	18,7	51,6	59,6	23,5	0	0	0	0	04:16	8	0	0	0	0	0	0	5329	925	5251824	1,00	
20.5.2022 4:11:00	18,8	51,6	59,6	23,5	0	0	0	0	04:17	8	0	0	0	0	0	0	5329	925	5251824	1,00	
20.5.2022 4:12:00	18,8	51,6	59,6	23,5	0	0	0	0	04:18	8	0	0	0	0	0	0	5329	925	5251824	1,00	
20.5.2022 4:13:00	18,9	51,5	59,6	23,5	0	0	0	0	04:19	8	0	0	0	0	0	0	5329	925	5251824	1,00	
20.5.2022 4:14:00	18,9	51,5	59,6	23,5	0	0	0	0	04:20	8	0	0	0	0	0	0	5329	925	5251824	1,00	
20.5.2022 4:15:00	18,9	51,5	59,6	23,4	0	0	0	0	04:21	8	0	0	0	0	0	0	5329	925	5251824	1,00	
20.5.2022 4:16:00	18,9	51,5	59,6	23,5	0	0	0	0	04:22	8	0	0	0	0	0	0	5329	925	5251824	1,00	
20.5.2022 4:17:00	18,9	51,5	59,6	23,5	0	0	0	0	04:23	8	0	0	0	0	0	0	5329	925	5251824	1,00	
20.5.2022 4:18:00	18,9	51,5	59,6	23,4	0	0	0	0	04:24	8	0	0	0	0	0	0	5329	925	5251824	1,00	
20.5.2022 4:19:00	19,0	51,5	59,5	23,4	0	0	0	0	04:25	8	0	0	0	0	0	0	5329	925	5251824	1,00	
20.5.2022 4:20:00	19,0	51,5	59,6	23,4	0	0	0	0	04:26	8	0	0	0	0	0	0	5329	925	5251824	1,00	
20.5.2022 4:21:00	19,1	51,4	59,6	23,5	0	0	0	0	04:27	8	0	0	0	0	0	0	5329	925	5251824	1,00	
20.5.2022 4:22:00	19,1	51,4	59,6	23,5	0	0	0	0	04:28	8	0	0	0	0	0	0	5329	925	5251824	1,00	
20.5.2022 4:23:00	19,1	51,4	59,6	23,5	0	0	0	0	04:29	8	0	0	0	0	0	0	5329	925	5251824	1,00	
20.5.2022 4:24:00	19,2	51,4	59,6	23,4	0	0	0	0	04:30	8	0	0	0	0	0	0	5329	925	5251824	1,00	
20.5.2022 4:25:00	19,2	51,4	59,6	23,5	0	0	0	0	04:31	8	0	0	0	0	0	0	5329	925	5251824	1,00	
20.5.2022 4:26:00	19,3	51,3	59,6	23,4	0	0	0	0	04:32	8	0	0	0	0	0	0	5329	925	5251824	1,00	
20.5.2022 4:27:00	19,3	51,4	59,5	23,4	0	0	0	0	04:33	8	0	0	0	0	0	0	5329	925	5251824	1,00	
20.5.2022 4:28:00	19,3	51,3	59,5	23,5	0	0	0	0	04:34	8	0	0	0	0	0	0	5329	925	5251824	1,00	
20.5.2022 4:29:00	19,4	51,3	59,5	23,4	0	0	0	0	04:35	8	0	0	0	0	0	0	5329	925	5251824	1,00	
20.5.2022 4:30:00	19,4	51,3	59,5	23,4	0	0	0	0	04:36	8	0	0	0	0	0	0	5329	925	5251824	1,00	
20.5.2022 4:31:00	19,4	51,3	59,5	23,4	0	0	0	0	04:37	8	0	0	0	0	0	0	5329	925	5251824	1,00	
20.5.2022 4:32:00	19,4	51,2	59,5	23,4	0	0	0	0	04:38	8	0	0	0	0	0	0	5329	925	5251824	1,00	
20.5.2022 4:33:00	19,4	51,2	59,5	23,5	0	0	0	0	04:39	8	0	0	0	0	0	0	5329	925	5251824	1,00	
20.5.2022 4:34:00	19,5	51,2	59,5	23,5	0	0	0	0	04:40	8	0	0	0	0	0	0	5329	925	5251824	1,00	
20.5.2022 4:35:00	19,5	51,2	59,5	23,4	0	0	0	0	04:41	8	0	0	0	0	0	0	5329	925	5251824	1,00	
20.5.2022 4:36:00	19,5	51,2	59,5	23,4	0	0	0	0	04:42	8	0	0	0	0	0	0	5329	925	5251824	1,00	
20.5.2022 4:37:00	19,5	51,2	59,5	23,5	0	0	0	0	04:43	8	0	0	0	0	0	0	5329	925	5251824	1,00	
20.5.2022 4:38:00	19,6	51,2	59,4	23,4	0	0	0	0	04:44	8	0	0	0	0	0	0	5329	925	5251824	1,00	
20.5.2022 4:39:00	19,5	51,2	59,4	23,5	0	0	0	0	04:45	8	0	0	0	0	0	0	5329	925	5251824	1,00	
20.5.2022 4:40:00	19,6	51,2	59,4	23,4	0	0	0	0	04:46	8	0	0	0	0	0	0	5329	925	5251824	1,00	
20.5.2022 4:41:00	19,6	51,1	59,4	23,4	0	0	0	0	04:47	8	0	0	0	0	0	0	5329	925	5251824	1,00	
20.5.2022 4:42:00	19,6	51,1	59,3	23,4	0	0	0	0	04:48	8	0	0	0	0	0	0	5329	925	5251824	1,00	
20.5.2022 4:43:00	19,6	51,1	59,4	23,4	0	0	0	0	04:49	8	0	0	0	0	0	0	5329	925	5251824	1,00	
20.5.2022 4:44:00	19,7	51,0	59,4	23,5	0	0	0	0	04:50	8	0	0	0	0	0	0	5329	925	5251824	1,00	
20.5.2022 4:45:00	19,7	51,0	59,3	23,4	0	0	0	0	04:51	8	0	0	0	0	0	0	5329	925	5251824	1,00	
20.5.2022 4:46:00	19,7	51,0	59,3	23,4	0	0	0	0	04:52	8	0	0	0	0	0	0	5329	925	5251824	1,00	
20.5.2022 4:47:00	19,7	51,0	59,3	23,4	0	0	0	0	04:53	8	0	0	0	0	0	0	5329	925	5251824	1,00	
20.5.2022 4:48:00	19,7	51,0	59,3	23,4	0	0	0	0	04:54	8	0	0	0	0	0	0	5329	925	5251824	1,00	
20.5.2022 4:49:00	19,7	51,0	59,3	23,4	0	0	0	0	04:55	8	0	0	0	0	0	0	5329	925	5251824	1,00	
20.5.2022 4:50:00	19,7	51,0	59,3	23,4	0	0	0	0	04:56	8	0	0	0	0	0	0	5329	925	5251824	1,00	
20.5.2022 4:51:00	19,7	51,0	59,3	23,4	0	0	0	0	04:57	8	0	0	0	0	0	0	5329	925	5251824	1,00	
20.5.2022 4:52:00	19,7	50,9	59,3	23,4	0	0	0	0	04:58	8	0	0	0	0	0	0	5329	925	5251824	1,00	
20.5.2022 4:53:00	19,7	50,9	59,3	23,4	0	0	0	0	04:59	8	0	0	0	0	0	0	5329	925	5251824	1,00	
20.5.2022 4:54:00	19,7	50,9	59,3	23,4	0	0	0	0	05:00	8	0	0	0	0	0	0	5329	925	5251824	1,00	
20.5.2022 4:55:00	19,7	50,9	59,3	23,4	0	0	0	0	05:01	8	0	0	0	0	0	0	5329	925	5251824	1,00	
20.5.2022 4:56:00	19,7	50,9	59,3	23,4	0	0	0	0	05:02	8	0	0	0	0	0	0	5329	925	5251824	1,00	
20.5.2022 4:57:00	19,7	50,8	59,3	23,4	0	0	0	0	05:03	8	0	0	0	0	0	0	5329	925	5251824	1,00	
20.5.2022 4:58:00	19,8	50,9	59,3	23,4	0	0	0	0	05:04	8	0	0	0	0	0	0	5329	925	5251824	1,00	
20.5.2022 4:59:00	19,8	50,8	59,3	23,4	0	0	0	0	05:05	8	0	0	0	0	0	0	5329	925	5251824	1,00	
20.5.2022 5:00:00	19,8	50,8	59,3	23,4	0	0	0	0	05:06	8	0	0	0	0	0	0	5329	925	5251824	1,00	
20.5.2022 5:01:00	19,8	50,8	59,3	23,4	0	0	0	0	05:07	8	0	0	0	0	0	0	5329	925	5251824	1,00	
20.5.2022 5:02:00	19,8	50,8	59,2	23,4	0	0	0	0	05:08	8	0	0	0	0	0	0	5329	925	5251824	1,00	
20.5.2022 5:03:00	19,9	50,8	59,3	23,4	0	0	0	0	05:09	8	0	0	0	0	0	0	5329	925	5251824	1,00	
20.5.2022 5:04:00	19,8	50,8	59,2	23,4	0	0	0	0	05:10	8	0	0	0	0	0	0	5329	925	5251824	1,00	
20.5.2022 5:05:00	19,9	50,8	59,2	23,4	0	0	0	0	05:11	8	0	0	0	0	0	0	5329	925	5251824	1,00	
20.5.2022 5:06:00	19,9	50,8	59,2	23,4	0	0	0	0	05:12	8	0	0	0	0	0	0	5329	925	5251824	1,00	
20.5.2022 5:07:00	19,9	50,8	59,2	23,5	0	0	0	0	05:13	8	0	0	0	0	0	0	5329	925	5251824	1,00	
20.5.2022 5:08:00	19,9	50,8	59,2	23,4	0	0	0	0	05:14	8	0	0	0	0	0	0	5329	925	5251824	1,00	
20.5.2022 5:09:00	20,0	50,7	59,2	23,4	0	0	0	0	05:15	8	0	0	0	0	0	0	5329	925	5251824	1,00	
20.5.2022 5:10:00	20,0	50,8	59,2	23,4	0	0	0	0	05:16	8	0	0	0	0	0	0	5329	925	5251824	1,00	
20.5.2022 5:11:00	20,0	50,7	59,2	23,4	0	0	0	0	05:17	8	0	0	0	0	0	0	5329	925	5251824	1,00	
20.5.2022 5:12:00	20,0	50,7	59,2	23,4	0	0	0	0	05:18	8	0	0	0	0	0	0	5329	925	5251824	1,00	
20.5.2022 5:13:00	20,0	50,7	59,2	23,4	0	0	0	0	05:19	8	0	0	0	0	0	0	5329	925	5251824	1,00	
20.5.2022 5:14:00	20,0	50,7	59,2	23,4	0	0	0	0	05:20	8	0	0	0	0	0	0	5329	925	5251824	1,00	
20.5.2022 5:15:00	20,2	50,7	59,1	23,4	0	0	0	0	05:21	8	0	0	0	0	0	0	5329	925	5251824	1,00	
20.5.2022 5:16:00	20,2	50,7	59,2	23,4	0	0	0	0	05:22	8	0	0	0	0	0	0	5329	925	5251824	1,00	
20.5.2022 5:17:00	20,2	50,7	59,1	23,4	0	0	0	0	05:23	8	0	0	0	0	0	0	5329	925	5251824	1,00	
20.5.2022 5:18:00	20,3	50,7	59,1	23,4	0	0	0	0	05:24	8	0	0	0	0	0	0	5329	925	5251824	1,00	
20.5.2022 5:19:00	20,3	50,7	59,1	23,4	0	0	0	0	05:25	8	0	0	0	0	0	0	5329	925	5251824	1,00	
20.5.2022 5:20:00	20,4	50,7	59,1	23,4	0	0	0	0	05:26	8	0	0	0	0	0	0	5329	925	5251824	1,00	
20.5.2022 5:21:00	20,5	50,7	59,1	23,4	0	0	0	0	05:27	8	0	0	0	0	0	0	5329	925	5251824	1,00	
20.5.2022 5:22:00	20,5	50,7	59,1	23,4	0	0	0	0	05:28	8	0	0	0	0	0	0	5329	925	5251824	1,00	
20.5.2022 5:23:00	20,5	50,7	59,1	23,4	0	0	0	0	05:29	8	0	0	0	0	0	0	5329	925	5251824	1,00	
20.5.2022 5:24:00	20,6	50,6	59,1	23,4	0	0	0	0	05:30	8	0	0	0	0	0	0	5329	925	5251824	1,00	
20.5.2022 5:25:00	20,7	50,6	59,1	23,4	0	0	0	0	05:31	8	0	0	0	0	0	0	5329	925	5251824	1,00	
20.5.2022 5:26:00	20,7	50,7	59,1	23,4	0	0	0	0	05:32	8	0	0	0	0	0	0	5329	925	5251824	1,00	
20.5.2022 5:27:00	20,8	50,6	59,1	23,4	0	0	0	0	05:33	8	0	0	0	0	0	0	5329	925	5251824	1,00	
20.5.2022 5:28:00	20,9	50,6	59,1	23,4	0	0	0	0	05:34	8	0	0	0	0	0	0	5329	925	5251824	1,00	
20.5.2022 5:29:00	21,0	50,6	59,1	23,4	0	0	0	0	05:35	8	0	0	0	0	0	0	5329	925	5251824	1,00	
20.5.2022 5:30:00	21,0	50,6	59,1	23,4	0	0	0	0	05:36	8	0	0	0	0	0	0	5329	925	5251824	1,00	
20.5.2022 5:31:00	21,0	50,6	59,0	23,4	0	0	0	0	05:37	8	0	0	0	0	0	0	5329	925	5251824	1,00	
20.5.2022 5:32:00	21,1	50,5	59,0	23,4	0	0	0	0	05:38	8	0	0	0	0	0	0	5329	925	5251824	1,00	
20.5.2022 5:33:00	21,2	50,5	59,0	23,4	0	0	0	0	05:39	8	0	0	0	0	0	0	5329	925	5251824	1,00	
20.5.2022 5:34:00	21,3	50,5	59,0	23,4	0	0	0	0	05:40	8	0	0	0	0	0	0	5329	925	5251824	1,00	
20.5.2022 5:35:00	21,4	50,4	59,0	23,4	0	0	0	0	05:41	8	0	0	0	0	0	0	5329	925	5251824	1,00	
20.5.2022 5:36:00	21,5	50,4	59,0	23,4	0	0	0	0	05:42	8	0	0	0	0	0	0	5329	925	5251824	1,00	
20.5.2022 5:37:00	21,5	50,4	59,1	23,4	0	0	0	0	05:43	8	0	0	0	0	0	0	5329	925	5251824	1,00	
20.5.2022 5:38:00	21,6	50,4	59,0	23,4	0	0	0	0	05:44	8	0	0	0	0	0	0	5329	925	5251824	1,00	
20.5.2022 5:39:00	21,7	50,4	59,0	23,4	0	0	0	0	05:45	8	0	0	0	0	0	0	5329	925	5251824	1,00	
20.5.2022 5:40:00	21,9	50,4	59,0	23,4	0	0	0	0	05:46	8	0	0	0	0	0	0	5329	925	5251824	1,00	
20.5.2022 5:41:00	22,0	50,3	58,9	23,4	0	0	0	0	05:47	8	0	0	0	0	0	0	5329	925	5251824	1,00	
20.5.2022 5:42:00	22,1	50,3	58,9	23,4	0	0	0	0	05:48	8	0	0	0	0	0	0	5329	925	5251824	1,00	
20.5.2022 5:43:00	22,1	50,3	58,9	23,4	0	0	0	0	05:49	8	0	0	0	0	0	0	5329	925	5251824	1,00	
20.5.2022 5:44:00	22,3	50,3	59,0	23,4	0	0	0	0	05:50	8	0	0	0	0	0	0	5329	925	5251824	1,00	
20.5.2022 5:45:00	22,4	50,3	58,9	23,4	0	0	0	0	05:51	8	0	0	0	0	0	0	5329	925	5251824	1,00	
20.5.2022 5:46:00	22,6	50,3	58,9	23,4	0	0	0	0	05:52	8	0	0	0	0	0	0	5329	925	5251824	1,00	
20.5.2022 5:47:00	22,6	50,3	58,9	23,4	0	0	0	0	05:53	8	0	0	0	0	0	0	5329	925	5251824	1,00	
20.5.2022 5:48:00	22,7	50,3	58,9	23,4	0	0	0	0	05:54	8	0	0	0	0	0	0	5329	925	5251824	1,00	
20.5.2022 5:49:00	22,9	50,3	58,9	23,4	0	0	0	0	05:55	8	0	0	0	0	0	0	5329	925	5251824	1,00	
20.5.2022 5:50:00	23,0	50,3	58,9	23,4	0	0	0	0	05:56	8	0	0	0	0	0	0	5329	925	5251824	1,00	
20.5.2022 5:51:00	23,1	50,3	58,9	23,4	0	0	0	0	05:57	8	0	0	0	0	0	0	5329	925	5251824	1,00	
20.5.2022 5:52:00	23,3	50,3	58,9	23,4	0	0	0	0	05:58	8	0	0	0	0	0	0	5329	925	5251824	1,00	
20.5.2022 5:53:00	23,4	50,3	58,9	23,4	0	0	0	0	05:59	8	0	0	0	0	0	0	5329	925	5251824	1,00	
20.5.2022 5:54:00	23,6	50,3	58,9	23,4	0	0	0	0	06:00	8	0	0	0	0	0	0	5329	925	5251824	1,00	
20.5.2022 5:55:00	23,7	50,3	58,9	23,4	0	0	0	0	06:01	8	0	0	0	0	0	0	5329	925	5251824	1,00	
20.5.2022 5:56:00	23,8	50,3	58,9	23,4	0	0	0	0	06:02	8	0	0	0	0	0	0	5329	925	5251824	1,00	
20.5.2022 5:57:00	23,9	50,3	58,9	23,4	0	0	0	0	06:03	8	0	0	0	0	0	0	5329	925	5251824	1,00	
20.5.2022 5:58:00	24,0	50,3	58,9	23,4	0	0	0	0	06:04	8	0	0	0	0	0	0	5329	925	5251824	1,00	
20.5.2022 5:59:00	24,1	50,3	58,9	23,4	0	0	0	0	06:05	8	0	0	0	0	0	0	5329	925	5251824	1,00	
20.5.2022 6:00:00	24,3	50,3	58,9	23,4	0	0	0	0	06:06	8	0	0	0	0	0	0	5329	925	5251824	1,00	
20.5.2022 6:01:00	24,3	50,3	58,9	23,4	0	0	0	0	06:07	8	0	0	0	0	0	0	5329	925	5251824	1,00	
20.5.2022 6:02:00	24,4	50,3	58,8	23,4	0	0	0	0	06:08	8	0	0	0	0	0	0	5329	925	5251824	1,00	
20.5.2022 6:03:00	24,5	50,3	58,9	23,4	0	0	0	0	06:09	8	0	0	0	0	0	0	5329	925	5251824	1,00	
20.5.2022 6:04:00	24,6	50,3	58,8	23,4	0	0	0	0	06:10	8	0	0	0	0	0	0	5329	925	5251824	1,00	
20.5.2022 6:05:00	24,7	50,1	58,8	23,4	0	0	0	0	06:11	8	0	0	0	0	0	0	5329	925	5251824	1,00	
20.5.2022 6:06:00	24,8	50,3	58,8	23,4	0	0	0	0	06:12	8	0	0	0	0	0	0	5329	925	5251824	1,00	
20.5.2022 6:07:00	24,8	50,3	58,8	23,4	0	0	0	0	06:13	8	0	0	0	0	0	0	5329	925	5251824	1,00	
20.5.2022 6:08:00	24,8	50,3	58,8	23,4	0	0	0	0	06:14	8	0	0	0	0	0	0	5329	925	5251824	1,00	
20.5.2022 6:09:00	24,9	50,1	58,8	23,4	0	0	0	0	06:15	8	0	0	0	0	0	0	5329	925	5251824	1,00	
20.5.2022 6:10:00	25,0	50,1	58,8	23,4	0	0	0	0	06:16	8	0	0	0	0	0	0	5329	925	5251824	1,00	
20.5.2022 6:11:00	25,0	50,1	58,8	23,4	0	0	0	0	06:17	8	0	0	0	0	0	0	5329	925	5251824	1,00	
20.5.2022 6:12:00	25,0	50,1	58,8	23,4	0	0	0	0	06:18	8	0	0	0	0	0	0	5329	925	5251824	1,00	
20.5.2022 6:13:00	25,1	50,1	58,8	23,4	0	0	0	0	06:19	8	0	0	0	0	0	0	5329	925	5251824	1,00	
20.5.2022 6:14:00	25,1	50,1	58,8	23,4	0	0	0	0	06:20	8	0	0	0	0	0	0	5329	925	5251824	1,00	
20.5.2022 6:15:00	25,1	50,3	58,8	23,4	0	0	0	0	06:21	8	0	0	0	0	0	0	5329	925	5251824	1,00	
20.5.2022 6:16:00	25,3	50,1	58,8	23,4	0	0	0	0	06:22	8	0	0	0	0	0	0	5329	925	5251824	1,00	
20.5.2022 6:17:00	25,3	50,1	58,8	23,4	0	0	0	0	06:23	8	0	0	0	0	0	0	5329	925	5251824	1,00	
20.5.2022 6:18:00	25,4	50,1	58,8	23,4	0	0	0	0	06:24	8	0	0	0	0	0	0	5329	925	5251824	1,00	
20.5.2022 6:19:00	25,4	50,1	58,7	23,4	0	0	0	0	06:25	8	0	0	0	0	0	0	5329	925	5251824	1,00	
20.5.2022 6:20:00	25,4	50,1	58,8	23,4	0	0	0	0	06:26	8	0	0	0	0	0	0	5329	925	5251824	1,00	
20.5.2022 6:21:00	25,6	50,1	58,7	23,4	0	0	0	0	06:27	8	0	0	0	0	0	0	5329	925	5251824	1,00	
20.5.2022 6:22:00	25,6	50,1	58,7	23,3	0	0	0	0	06:28	8	0	0	0	0	0	0	5329	925	5251824	1,00	
20.5.2022 6:23:00	25,7	50,1	58,7	23,4	0	0	0	0	06:29	8	0	0	0	0	0	0	5329	925	5251824	1,00	
20.5.2022 6:24:00	25,8	50,1	58,7	23,3	0	0	0	0	06:30	8	0	0	0	0	0	0	5329	925	5251824	1,00	
20.5.2022 6:25:00	25,8	50,1	58,7	23,4	0	0	0	0	06:31	8	0	0	0	0	0	0	5329	925	5251824	1,00	
20.5.2022 6:26:00	26,0	50,1	58,7	23,4	0	0	0	0	06:32	8	0	0	0	0	0	0	5329	925	5251824	1,00	
20.5.2022 6:27:00	26,0	50,1	58,7	23,3	0	0	0	0	06:33	8	0	0	0	0	0	0	5329	925	5251824	1,00	
20.5.2022 6:28:00	26,1	50,1	58,7	23,4	0	0	0	0	06:34	8	0	0	0	0	0	0	5329	925	5251824	1,00	
20.5.2022 6:29:00	26,3	50,1	58,7	23,4	0	0	0	0	06:35	8	0	0	0	0	0	0	5329	925	5251824	1,00	
20.5.2022 6:30:00	26,4	50,1	58,7	23,4	0	0	0	0	06:36	8	0	0	0	0	0	0	5329	925	5251824	1,00	
20.5.2022 6:31:00	26,5	50,1	58,7	23,4	0	0	0	0	06:37	8	0	0	0	0	0	0	5329	925	5251824	1,00	
20.5.2022 6:32:00	26,5	50,1	58,7	23,3	0	0	0	0	06:38	8	0	0	0	0	0	0	5329	925	5251824	1,00	
20.5.2022 6:33:00	26,6	50,1	58,6	23,4	0	0	0	0	06:39	8	0	0	0	0	0	0	5329	925	5251824	1,00	
20.5.2022 6:34:00	26,7	50,1	58,7	23,4	0	0	0	0	06:40	8	0	0	0	0	0	0	5329	925	5251824	1,00	
20.5.2022 6:35:00	26,8	50,1	58,6	23,4	0	0	0	0	06:41	8	0	0	0	0	0	0	5329	925	5251824	1,00	
20.5.2022 6:36:00	27,0	50,1	58,6	23,4	0	0	0	0	06:42	8	0	0	0	0	0	0	5329	925	5251824	1,00	
20.5.2022 6:37:00	27,1	50,1	58,7	23,4	0	0	0	0	06:43	8	0	0	0	0	0	0	5329	925	5251824	1,00	
20.5.2022 6:38:00	27,1	50,1	58,6	23,4	0	0	0	0	06:44	8	0	0	0	0	0	0	5329	925	5251824	1,00	
20.5.2022 6:39:00	27,3	50,1	58,6	23,3	0	0	0	0	06:45	8	0	0	0	0	0	0	5329	925	5251824	1,00	
20.5.2022 6:40:00	27,3	50,1	58,6	23,4	0	0	0	0	06:46	8	0	0	0	0	0	0	5329	925	5251824	1,00	
20.5.2022 6:41:00	27,5	50,1	58,6	23,3	0	0	0	0	06:47	8	0	0	0	0	0	0	5329	925	5251824	1,00	
20.5.2022 6:42:00	27,6	50,1	58,6	23,4	0	0	0	0	06:48	8	0	0	0	0	0	0	5329	925	5251824	1,00	
20.5.2022 6:43:00	27,7	50,1	58,6	23,4	0	0	0	0	06:49	8	0	0	0	0	0	0	5329	925	5251824	1,00	
20.5.2022 6:44:00	27,8	50,1	58,6	23,4	0	0	0	0	06:50	8	0	0	0	0	0	0	5329	925	5251824	1,00	
20.5.2022 6:45:00	28,0	50,1	58,6	23,3	0	0	0	0	06:51	8	0	0	0	0	0	0	5329	925	5251824	1,00	
20.5.2022 6:46:00	28,1	50,1	58,5	23,4	0	0	0	0	06:52	8	0	0	0	0	0	0	5329	925	5251824	1,00	
20.5.2022 6:47:00	28,2	50,1	58,6	23,4	0	0	0	0	06:53	8	0	0	0	0	0	0	5329	925	5251824	1,00	
20.5.2022 6:48:00	28,3	50,0	58,5	23,4	0	0	0	0	06:54	8	0	0	0	0	0	0	5329	925	5251824	1,00	
20.5.2022 6:49:00	28,5	50,1	58,6	23,4	0	0	0	0	06:55	8	0	0	0	0	0	0	5329	925	5251824	1,00	
20.5.2022 6:50:00	28,6	50,1	58,5	23,4	0	0	0	0	06:56	8	0	0	0	0	0	0	5329	925	5251824	1,00	
20.5.2022 6:51:00	28,7	50,1	58,5	23,3	0	0	0	0	06:57	8	0	0	0	0	0	0	5329	925	5251824	1,00	
20.5.2022 6:52:00	28,8	50,0	58,5	23,4	0	0	0	0	06:58	8	0	0	0	0	0	0	5329	925	5251824	1,00	
20.5.2022 6:53:00	29,0	50,1	58,5	23,4	0	0	0	0	06:59	8	0	0	0	0	0	0	5329	925	5251824	1,00	
20.5.2022 6:54:00	29,1	50,1	58,5	23,3	0	0	0	0	07:00	8	0	0	0	0	0	0	5329	925	5251824	1,00	
20.5.2022 6:55:00	29,2	50,0	58,5	23,3	0	0	0	0	07:01	8	0	0	0	0	0	0	5329	925	5251824	1,00	
20.5.2022 6:56:00	29,4	50,0	58,5	23,4	0	0	0	0	07:02	8	0	0	0	0	0	0	5329	925	5251824	1,00	
20.5.2022 6:57:00	29,5	50,0	58,5	23,4	0	0	0	0	07:03	8	0	0	0	0	0	0	5329	925	5251824	1,00	
20.5.2022 6:58:00	29,5	50,0	58,5	23,4	0	0	0	0	07:04	8	0	0	0	0	0	0	5329	925	5251824	1,00	
20.5.2022 6:59:00	29,7	50,0	58,5	23,4	0	0	0	0	07:05	8	0	0	0	0	0	0	5329	925	5251824	1,00	
20.5.2022 7:00:00	29,8	50,0	58,5	23,4	0	0	0	0	07:06	8	0	0	0	0	0	0	5329	925	5251824	1,00	
20.5.2022 7:01:00	29,9	50,0	58,5	23,4	0	0	0	0	07:07	8	0	0	0	0	0	0	5329	925	5251824	1,00	
20.5.2022 7:02:00	30,1	50,0	58,5	23,3	0	0	0	0	07:08	8	0	0	0	0	0	0	5329	925	5251824	1,00	
20.5.2022 7:03:00	30,1	50,0	58,5	23,4	0	0	0	0	07:09	8	0	0	0	0	0	0	5329	925	5251824	1,00	
20.5.2022 7:04:00	30,2	50,0	58,5	23,4	0	0	0	0	07:10	8	0	0	0	0	0	0	5329	925	5251824	1,00	
20.5.2022 7:05:00	30,4	50,0	58,5	23,4	0	0	0	0	07:11	8	0	0	0	0	0	0	5329	925	5251824	1,00	
20.5.2022 7:06:00	30,5	50,0	58,5	23,4	0	0	0	0	07:12	8	0	0	0	0	0	0	5329	925	5251824	1,00	
20.5.2022 7:07:00	30,6	50,0	58,5	23,3	0	0	0	0	07:13	8	0	0	0	0	0	0	5329	925	5251824	1,00	
20.5.2022 7:08:00	30,6	50,0	58,5	23,4	0	0	0	0	07:14	8	0	0	0	0	0	0	5329	925	5251824	1,00	
20.5.2022 7:09:00	30,8	50,0	58,5	23,4	0	0	0	0	07:15	8	0	0	0	0	0	0	5329	925	5251824	1,00	
20.5.2022 7:10:00	30,9	49,9	58,5	23,4	0	0	0	0	07:16	8	0	0	0	0	0	0	5329	925	5251824	1,00	
20.5.2022 7:11:00	31,1	50,0	58,5	23,4	0	0	0	0	07:17	8	0	0	0	0	0	0	5329	925	5251824	1,00	
20.5.2022 7:12:00	31,2	50,0	58,5	23,4	0	0	0	0	07:18	8	0	0	0	0	0	0	5329	925	5251824	1,00	
20.5.2022 7:13:00	31,3	50,0	58,5	23,4	0	0	0	0	07:19	8	0	0	0	0	0	0	5329	925	5251824	1,00	
20.5.2022 7:14:00	31,4	49,9	58,5	23,4	0	0	0	0	07:20	8	0	0	0	0	0	0	5329	925	5251824	1,00	
20.5.2022 7:15:00	31,6	49,9	58,4	23,4	0	0	0	0	07:21	8	0	0	0	0	0	0	5329	925	5251824	1,00	
20.5.2022 7:16:00	31,6	50,0	58,4	23,4	0	0	0	0	07:22	8	0	0	0	0	0	0	5329	925	5251824	1,00	
20.5.2022 7:17:00	31,8	50,0	58,4	23,3	0	0	0	0	07:23	8	0	0	0	0	0	0	5329	925	5251824	1,00	
20.5.2022 7:18:00	32,0	49,9	58,4	23,4	0	0	0	0	07:24	8	0	0	0	0	0	0	5329	925	5251824	1,00	
20.5.2022 7:19:00	32,0	49,9	58,4	23,4	0	0	0	0	07:25	8	0	0	0	0	0	0	5329	925	5251824	1,00	
20.5.2022 7:20:00	32,2	49,9	58,4	23,3	0	0	0	0	07:26	8	0	0	0	0	0	0	5329	925	5251824	1,00	
20.5.2022 7:21:00	32,3	50,0	58,5	23,4	0	0	0	0	07:27	8	0	0	0	0	0	0	5329	925	5251824	1,00	
20.5.2022 7:22:00	32,5	49,9	58,4	23,4	0	0	0	0	07:28	8	0	0	0	0	0	0	5329	925	5251824	1,00	
20.5.2022 7:23:00	32,6	49,9	58,4	23,4	0	0	0	0	07:29	8	0	0	0	0	0	0	5329	925	5251824	1,00	
20.5.2022 7:24:00	32,8	49,9	58,4	23,4	0	0	0	0	07:30	8	0	0	0	0	0	0	5329	925	5251824	1,00	
20.5.2022 7:25:00	33,0	49,9	58,4	23,4	0	0	0	0	07:31	8	0	0	0	0	0	0	5329	925	5251824	1,00	
20.5.2022 7:26:00	33,2	49,9	58,3	23,4	0	0	0	0	07:32	8	0	0	0	0	0	0	5329	925	5251824	1,00	
20.5.2022 7:27:00	33,3	49,9	58,4	23,4	0	0	0	0	07:33	8	0	0	0	0	0	0	5329	925	5251824	1,00	
20.5.2022 7:28:00	33,5	49,9	58,4	23,4	0	0	0	0	07:34	8	0	0	0	0	0	0	5329	925	5251824	1,00	
20.5.2022 7:29:00	33,7	49,9	58,4	23,4	0	0	0	0	07:35	8	0	0	0	0	0	0	5329	925	5251824	1,00	
20.5.2022 7:30:00	34,0	49,9	58,3	23,4	0	0	0	0	07:36	8	0	0	0	0	0	0	5329	925	5251824	1,00	
20.5.2022 7:31:00	34,3	49,9	58,3	23,4	0	0	0	0	07:37	8	0	0	0	0	0	0	5329	925	5251824	1,00	
20.5.2022 7:32:00	34,7	49,9	58,4	23,3	0	0	0	0	07:38	8	0	0	0	0	0	0	5329	925	5251824	1,00	
20.5.2022 7:33:00	35,1	49,9	58,4	23,4	0	0	0	0	07:39	8	0	0	0	0	0	0	5329	925	5251824	1,00	
20.5.2022 7:34:00	35,5	49,9	58,3	23,4	0	0	0	0	07:40	8	0	0	0	0	0	0	5329	925	5251824	1,00	
20.5.2022 7:35:00	36,1	49,9	58,4	23,4	0	0	0	0	07:41	8	0	0	0	0	0	0	5329	925	5251824	1,00	
20.5.2022 7:36:00	36,7	49,9	58,3	23,4	0	0	0	0	07:42	8	0	0	0	0	0	0	5329	925	5251824	1,00	
20.5.2022 7:37:00	37,4	49,8	58,3	23,4	0	0	0	0	07:43	8	0	0	0	0	0	0	5329	925	5251824	1,00	
20.5.2022 7:38:00	38,1	49,8	58,3	23,5	0	0	0	0	07:44	8	0	0	0	0	0	0	5329	925	5251824	1,00	
20.5.2022 7:39:00	38,8	49,8	58,3	23,4	0	0	0	0	07:45	8	0	0	0	0	0	0	5329	925	5251824	1,00	
20.5.2022 7:40:00	39,6	49,8	58,3	23,4	0	0	0	0	07:46	8	0	0	0	0	0	0	5329	925	5251824	1,00	
20.5.2022 7:41:00	40,4	49,8	58,3	23,4	0	0	0	0	07:47	8	0	0	0	0	0	0	5329	925	5251824	1,00	
20.5.2022 7:42:00	41,1	49,8	58,3	23,4	0	0	0	0	07:48	8	0	0	0	0	0	0	5329	925	5251824	1,00	
20.5.2022 7:43:00	41,8	49,8	58,3	23,4	0	0	0	0	07:49	8	0	0	0	0	0	0	5329	925	5251824	1,00	
20.5.2022 7:44:00	42,5	49,7	58,3	23,4	0	0	0	0	07:50	8	0	0	0	0	0	0	5329	925	5251824	1,00	
20.5.2022 7:45:00	43,1	49,8	58,3	23,4	0	0	0	0	07:51	8	0	0	0	0	0	0	5329	925	5251824	1,00	
20.5.2022 7:46:00	43,7	49,8	58,3	23,4	0	0	0	0	07:52	8	0	0	0	0	0	0	5329	925	5251824	1,00	
20.5.2022 7:47:00	44,3	49,8	58,3	23,4	0	0	0	0	07:53	8	0	0	0	0	0	0	5329	925	5251824	1,00	
20.5.2022 7:48:00	44,8	49,8	58,3	23,4	0	0	0	0	07:54	8	0	0	0	0	0	0	5329	925	5251824	1,00	
