Date	Temperatur Sensor 1 [ °C]	Temperatur Sensor 2 [ °C]	Temperatur Sensor 3 [ °C]	Temperatur Sensor 4 [ °C]	Drehzahl Pumpe 1 [ %]	Drehzahl Pumpe 2 [ %]	Relaismaske	Fehlermaske	Systemzeit	Schema	Option Kollektor Max.	Option Kollektor Min.	Option Kollektor Frost	Option Röhrenkollektor	Option Rückkühlung	Option WMZ	Betriebsstunden Relais 1	Betriebsstunden Relais 2	Wärmemenge [ Wh]	Version	
17.5.2011 21:34:21	15,3	52,1	56,5	19,0	0	0	0	0	21:37	3	0	0	0	0	0	1	779	71	1483648	1,00	
17.5.2011 21:35:22	15,2	52,1	56,5	19,0	0	0	0	0	21:38	3	0	0	0	0	0	1	779	71	1483648	1,00	
17.5.2011 21:36:24	15,1	52,1	56,4	18,9	0	0	0	0	21:39	3	0	0	0	0	0	1	779	71	1483648	1,00	
17.5.2011 21:37:24	15,0	52,0	56,5	18,9	0	0	0	0	21:40	3	0	0	0	0	0	1	779	71	1483648	1,00	
17.5.2011 21:38:26	15,0	52,0	56,5	18,9	0	0	0	0	21:41	3	0	0	0	0	0	1	779	71	1483648	1,00	
17.5.2011 21:39:27	14,9	51,9	56,4	18,9	0	0	0	0	21:42	3	0	0	0	0	0	1	779	71	1483648	1,00	
17.5.2011 21:40:27	14,9	51,9	56,4	18,9	0	0	0	0	21:43	3	0	0	0	0	0	1	779	71	1483648	1,00	
17.5.2011 21:41:29	14,8	51,9	56,4	18,9	0	0	0	0	21:44	3	0	0	0	0	0	1	779	71	1483648	1,00	
17.5.2011 21:42:30	14,7	51,9	56,4	18,9	0	0	0	0	21:45	3	0	0	0	0	0	1	779	71	1483648	1,00	
17.5.2011 21:43:32	14,6	51,8	56,3	18,9	0	0	0	0	21:46	3	0	0	0	0	0	1	779	71	1483648	1,00	
17.5.2011 21:44:33	14,5	51,6	56,4	18,9	0	0	0	0	21:47	3	0	0	0	0	0	1	779	71	1483648	1,00	
17.5.2011 21:45:34	14,5	51,5	56,3	18,9	0	0	0	0	21:48	3	0	0	0	0	0	1	779	71	1483648	1,00	
17.5.2011 21:46:35	14,4	51,2	56,3	18,9	0	0	0	0	21:49	3	0	0	0	0	0	1	779	71	1483648	1,00	
17.5.2011 21:47:37	14,3	51,1	56,3	18,9	0	0	0	0	21:50	3	0	0	0	0	0	1	779	71	1483648	1,00	
17.5.2011 21:48:37	14,3	50,9	56,3	18,9	0	0	0	0	21:51	3	0	0	0	0	0	1	779	71	1483648	1,00	
17.5.2011 21:49:39	14,2	50,7	56,3	18,9	0	0	0	0	21:52	3	0	0	0	0	0	1	779	71	1483648	1,00	
17.5.2011 21:50:40	14,1	50,6	56,3	18,9	0	0	0	0	21:53	3	0	0	0	0	0	1	779	71	1483648	1,00	
17.5.2011 21:51:42	14,1	50,4	56,3	18,9	0	0	0	0	21:54	3	0	0	0	0	0	1	779	71	1483648	1,00	
17.5.2011 21:52:43	14,0	50,3	56,3	18,8	0	0	0	0	21:56	3	0	0	0	0	0	1	779	71	1483648	1,00	
17.5.2011 21:53:44	13,9	50,3	56,3	18,8	0	0	0	0	21:57	3	0	0	0	0	0	1	779	71	1483648	1,00	
17.5.2011 21:54:45	13,8	50,1	56,2	18,8	0	0	0	0	21:58	3	0	0	0	0	0	1	779	71	1483648	1,00	
17.5.2011 21:55:46	13,7	50,1	56,2	18,8	0	0	0	0	21:59	3	0	0	0	0	0	1	779	71	1483648	1,00	
17.5.2011 21:56:47	13,7	50,1	56,2	18,8	0	0	0	0	22:00	3	0	0	0	0	0	1	779	71	1483648	1,00	
17.5.2011 21:57:48	13,6	50,0	56,1	18,7	0	0	0	0	22:01	3	0	0	0	0	0	1	779	71	1483648	1,00	
17.5.2011 21:58:50	13,6	49,9	56,1	18,7	0	0	0	0	22:02	3	0	0	0	0	0	1	779	71	1483648	1,00	
17.5.2011 21:59:51	13,4	49,7	56,1	18,7	0	0	0	0	22:03	3	0	0	0	0	0	1	779	71	1483648	1,00	
17.5.2011 22:00:53	13,4	49,7	56,1	18,7	0	0	0	0	22:04	3	0	0	0	0	0	1	779	71	1483648	1,00	
17.5.2011 22:01:53	13,3	49,6	56,0	18,7	0	0	0	0	22:05	3	0	0	0	0	0	1	779	71	1483648	1,00	
17.5.2011 22:02:55	13,2	49,6	55,9	18,7	0	0	0	0	22:06	3	0	0	0	0	0	1	779	71	1483648	1,00	
17.5.2011 22:03:55	13,2	49,5	55,9	18,7	0	0	0	0	22:07	3	0	0	0	0	0	1	779	71	1483648	1,00	
17.5.2011 22:04:45	13,1	49,4	55,9	18,7	0	0	0	0	22:08	3	0	0	0	0	0	1	779	71	1483648	1,00	
17.5.2011 22:05:50	13,1	49,3	55,9	18,7	0	0	0	0	22:09	3	0	0	0	0	0	1	779	71	1483648	1,00	
17.5.2011 22:06:45	13,0	49,3	55,8	18,7	0	0	0	0	22:10	3	0	0	0	0	0	1	779	71	1483648	1,00	
17.5.2011 22:07:52	12,9	49,2	55,8	18,7	0	0	0	0	22:11	3	0	0	0	0	0	1	779	71	1483648	1,00	
17.5.2011 22:08:53	12,8	49,2	55,8	18,7	0	0	0	0	22:12	3	0	0	0	0	0	1	779	71	1483648	1,00	
17.5.2011 22:09:55	12,8	49,2	55,8	18,6	0	0	0	0	22:13	3	0	0	0	0	0	1	779	71	1483648	1,00	
17.5.2011 22:10:56	12,6	49,2	55,7	18,6	0	0	0	0	22:14	3	0	0	0	0	0	1	779	71	1483648	1,00	
17.5.2011 22:11:57	12,6	49,1	55,7	18,6	0	0	0	0	22:15	3	0	0	0	0	0	1	779	71	1483648	1,00	
17.5.2011 22:12:58	12,5	49,1	55,6	18,6	0	0	0	0	22:16	3	0	0	0	0	0	1	779	71	1483648	1,00	
17.5.2011 22:14:00	12,4	49,0	55,6	18,6	0	0	0	0	22:17	3	0	0	0	0	0	1	779	71	1483648	1,00	
17.5.2011 22:15:01	12,4	49,0	55,6	18,6	0	0	0	0	22:18	3	0	0	0	0	0	1	779	71	1483648	1,00	
17.5.2011 22:16:03	12,3	49,0	55,6	18,6	0	0	0	0	22:19	3	0	0	0	0	0	1	779	71	1483648	1,00	
17.5.2011 22:17:03	12,2	49,0	55,5	18,5	0	0	0	0	22:20	3	0	0	0	0	0	1	779	71	1483648	1,00	
17.5.2011 22:18:05	12,2	48,9	55,4	18,5	0	0	0	0	22:21	3	0	0	0	0	0	1	779	71	1483648	1,00	
17.5.2011 22:19:06	12,1	48,9	55,4	18,6	0	0	0	0	22:22	3	0	0	0	0	0	1	779	71	1483648	1,00	
17.5.2011 22:20:08	12,0	48,9	55,4	18,5	0	0	0	0	22:23	3	0	0	0	0	0	1	779	71	1483648	1,00	
17.5.2011 22:21:09	12,0	48,8	55,3	18,5	0	0	0	0	22:24	3	0	0	0	0	0	1	779	71	1483648	1,00	
17.5.2011 22:22:10	11,9	48,8	55,3	18,5	0	0	0	0	22:25	3	0	0	0	0	0	1	779	71	1483648	1,00	
17.5.2011 22:23:11	11,8	48,7	55,3	18,5	0	0	0	0	22:26	3	0	0	0	0	0	1	779	71	1483648	1,00	
17.5.2011 22:24:12	11,8	48,8	55,2	18,5	0	0	0	0	22:27	3	0	0	0	0	0	1	779	71	1483648	1,00	
17.5.2011 22:25:14	11,8	48,7	55,2	18,5	0	0	0	0	22:28	3	0	0	0	0	0	1	779	71	1483648	1,00	
17.5.2011 22:26:15	11,7	48,7	55,1	18,5	0	0	0	0	22:29	3	0	0	0	0	0	1	779	71	1483648	1,00	
17.5.2011 22:27:17	11,6	48,6	55,1	18,5	0	0	0	0	22:30	3	0	0	0	0	0	1	779	71	1483648	1,00	
17.5.2011 22:28:18	11,5	48,6	55,1	18,5	0	0	0	0	22:31	3	0	0	0	0	0	1	779	71	1483648	1,00	
17.5.2011 22:29:20	11,4	48,7	55,0	18,5	0	0	0	0	22:32	3	0	0	0	0	0	1	779	71	1483648	1,00	
17.5.2011 22:30:20	11,4	48,6	55,0	18,5	0	0	0	0	22:33	3	0	0	0	0	0	1	779	71	1483648	1,00	
17.5.2011 22:31:22	11,4	48,6	55,0	18,5	0	0	0	0	22:34	3	0	0	0	0	0	1	779	71	1483648	1,00	
17.5.2011 22:32:23	11,3	48,6	55,0	18,5	0	0	0	0	22:35	3	0	0	0	0	0	1	779	71	1483648	1,00	
17.5.2011 22:33:24	11,3	48,6	54,9	18,5	0	0	0	0	22:36	3	0	0	0	0	0	1	779	71	1483648	1,00	
17.5.2011 22:34:25	11,2	48,6	54,8	18,5	0	0	0	0	22:37	3	0	0	0	0	0	1	779	71	1483648	1,00	
17.5.2011 22:35:26	11,2	48,5	54,8	18,5	0	0	0	0	22:38	3	0	0	0	0	0	1	779	71	1483648	1,00	
17.5.2011 22:36:28	11,1	48,5	54,8	18,4	0	0	0	0	22:39	3	0	0	0	0	0	1	779	71	1483648	1,00	
17.5.2011 22:37:28	11,0	48,5	54,8	18,4	0	0	0	0	22:40	3	0	0	0	0	0	1	779	71	1483648	1,00	
17.5.2011 22:38:30	11,0	48,5	54,8	18,4	0	0	0	0	22:41	3	0	0	0	0	0	1	779	71	1483648	1,00	
17.5.2011 22:39:31	10,9	48,5	54,7	18,4	0	0	0	0	22:42	3	0	0	0	0	0	1	779	71	1483648	1,00	
17.5.2011 22:40:33	10,9	48,4	54,7	18,4	0	0	0	0	22:43	3	0	0	0	0	0	1	779	71	1483648	1,00	
17.5.2011 22:41:33	10,8	48,4	54,7	18,4	0	0	0	0	22:44	3	0	0	0	0	0	1	779	71	1483648	1,00	
17.5.2011 22:42:35	10,8	48,4	54,7	18,4	0	0	0	0	22:45	3	0	0	0	0	0	1	779	71	1483648	1,00	
17.5.2011 22:43:36	10,7	48,4	54,6	18,4	0	0	0	0	22:46	3	0	0	0	0	0	1	779	71	1483648	1,00	
17.5.2011 22:44:38	10,7	48,4	54,6	18,4	0	0	0	0	22:47	3	0	0	0	0	0	1	779	71	1483648	1,00	
17.5.2011 22:45:38	10,6	48,4	54,6	18,4	0	0	0	0	22:48	3	0	0	0	0	0	1	779	71	1483648	1,00	
17.5.2011 22:46:39	10,6	48,4	54,6	18,4	0	0	0	0	22:49	3	0	0	0	0	0	1	779	71	1483648	1,00	
17.5.2011 22:47:41	10,5	48,4	54,5	18,4	0	0	0	0	22:50	3	0	0	0	0	0	1	779	71	1483648	1,00	
17.5.2011 22:48:42	10,4	48,4	54,5	18,4	0	0	0	0	22:52	3	0	0	0	0	0	1	779	71	1483648	1,00	
17.5.2011 22:49:43	10,4	48,4	54,5	18,4	0	0	0	0	22:53	3	0	0	0	0	0	1	779	71	1483648	1,00	
17.5.2011 22:50:44	10,4	48,3	54,5	18,4	0	0	0	0	22:54	3	0	0	0	0	0	1	779	71	1483648	1,00	
17.5.2011 22:51:46	10,4	48,3	54,5	18,4	0	0	0	0	22:55	3	0	0	0	0	0	1	779	71	1483648	1,00	
17.5.2011 22:52:47	10,3	48,3	54,5	18,3	0	0	0	0	22:56	3	0	0	0	0	0	1	779	71	1483648	1,00	
17.5.2011 22:53:48	10,3	48,3	54,5	18,3	0	0	0	0	22:57	3	0	0	0	0	0	1	779	71	1483648	1,00	
17.5.2011 22:54:49	10,2	48,3	54,5	18,3	0	0	0	0	22:58	3	0	0	0	0	0	1	779	71	1483648	1,00	
17.5.2011 22:55:51	10,1	48,3	54,4	18,3	0	0	0	0	22:59	3	0	0	0	0	0	1	779	71	1483648	1,00	
17.5.2011 22:56:52	10,1	48,3	54,4	18,3	0	0	0	0	23:00	3	0	0	0	0	0	1	779	71	1483648	1,00	
17.5.2011 22:57:53	10,0	48,3	54,4	18,3	0	0	0	0	23:01	3	0	0	0	0	0	1	779	71	1483648	1,00	
17.5.2011 22:58:54	10,0	48,1	54,4	18,3	0	0	0	0	23:02	3	0	0	0	0	0	1	779	71	1483648	1,00	
17.5.2011 22:59:56	10,0	48,1	54,4	18,3	0	0	0	0	23:03	3	0	0	0	0	0	1	779	71	1483648	1,00	
17.5.2011 23:00:57	10,0	48,1	54,3	18,3	0	0	0	0	23:04	3	0	0	0	0	0	1	779	71	1483648	1,00	
17.5.2011 23:01:57	9,9	48,1	54,3	18,3	0	0	0	0	23:05	3	0	0	0	0	0	1	779	71	1483648	1,00	
17.5.2011 23:02:59	9,8	48,1	54,3	18,2	0	0	0	0	23:06	3	0	0	0	0	0	1	779	71	1483648	1,00	
17.5.2011 23:04:00	9,8	48,1	54,3	18,2	0	0	0	0	23:07	3	0	0	0	0	0	1	779	71	1483648	1,00	
17.5.2011 23:05:02	9,8	48,1	54,3	18,2	0	0	0	0	23:08	3	0	0	0	0	0	1	779	71	1483648	1,00	
17.5.2011 23:06:02	9,7	48,1	54,2	18,2	0	0	0	0	23:09	3	0	0	0	0	0	1	779	71	1483648	1,00	
17.5.2011 23:07:04	9,7	48,1	54,2	18,2	0	0	0	0	23:10	3	0	0	0	0	0	1	779	71	1483648	1,00	
17.5.2011 23:08:05	9,6	48,0	54,2	18,2	0	0	0	0	23:11	3	0	0	0	0	0	1	779	71	1483648	1,00	
17.5.2011 23:09:07	9,6	47,9	54,2	18,2	0	0	0	0	23:12	3	0	0	0	0	0	1	779	71	1483648	1,00	
17.5.2011 23:10:07	9,5	47,9	54,1	18,2	0	0	0	0	23:13	3	0	0	0	0	0	1	779	71	1483648	1,00	
17.5.2011 23:11:09	9,5	47,8	54,1	18,2	0	0	0	0	23:14	3	0	0	0	0	0	1	779	71	1483648	1,00	
17.5.2011 23:12:10	9,5	47,7	54,1	18,2	0	0	0	0	23:15	3	0	0	0	0	0	1	779	71	1483648	1,00	
17.5.2011 23:13:12	9,5	47,7	54,1	18,2	0	0	0	0	23:16	3	0	0	0	0	0	1	779	71	1483648	1,00	
17.5.2011 23:14:12	9,5	47,6	54,1	18,2	0	0	0	0	23:17	3	0	0	0	0	0	1	779	71	1483648	1,00	
17.5.2011 23:15:13	9,4	47,6	54,0	18,2	0	0	0	0	23:18	3	0	0	0	0	0	1	779	71	1483648	1,00	
17.5.2011 23:16:15	9,4	47,5	54,0	18,1	0	0	0	0	23:19	3	0	0	0	0	0	1	779	71	1483648	1,00	
17.5.2011 23:17:15	9,3	47,5	54,0	18,2	0	0	0	0	23:20	3	0	0	0	0	0	1	779	71	1483648	1,00	
17.5.2011 23:18:17	9,3	47,5	54,0	18,1	0	0	0	0	23:21	3	0	0	0	0	0	1	779	71	1483648	1,00	
17.5.2011 23:19:18	9,2	47,4	54,0	18,1	0	0	0	0	23:22	3	0	0	0	0	0	1	779	71	1483648	1,00	
17.5.2011 23:20:20	9,2	47,4	54,0	18,1	0	0	0	0	23:23	3	0	0	0	0	0	1	779	71	1483648	1,00	
17.5.2011 23:21:20	9,2	47,4	53,9	18,1	0	0	0	0	23:24	3	0	0	0	0	0	1	779	71	1483648	1,00	
17.5.2011 23:22:22	9,2	47,3	53,9	18,1	0	0	0	0	23:25	3	0	0	0	0	0	1	779	71	1483648	1,00	
17.5.2011 23:23:23	9,1	47,3	53,9	18,1	0	0	0	0	23:26	3	0	0	0	0	0	1	779	71	1483648	1,00	
17.5.2011 23:24:25	9,1	47,3	53,9	18,0	0	0	0	0	23:27	3	0	0	0	0	0	1	779	71	1483648	1,00	
17.5.2011 23:25:25	9,1	47,3	53,8	18,0	0	0	0	0	23:28	3	0	0	0	0	0	1	779	71	1483648	1,00	
17.5.2011 23:26:27	9,0	47,2	53,8	18,1	0	0	0	0	23:29	3	0	0	0	0	0	1	779	71	1483648	1,00	
17.5.2011 23:27:28	9,0	47,2	53,8	18,1	0	0	0	0	23:30	3	0	0	0	0	0	1	779	71	1483648	1,00	
17.5.2011 23:28:30	8,9	47,1	53,7	18,0	0	0	0	0	23:31	3	0	0	0	0	0	1	779	71	1483648	1,00	
17.5.2011 23:29:30	8,9	47,1	53,7	18,0	0	0	0	0	23:32	3	0	0	0	0	0	1	779	71	1483648	1,00	
17.5.2011 23:30:31	8,8	47,0	53,7	18,0	0	0	0	0	23:33	3	0	0	0	0	0	1	779	71	1483648	1,00	
17.5.2011 23:31:33	8,8	47,0	53,7	18,0	0	0	0	0	23:34	3	0	0	0	0	0	1	779	71	1483648	1,00	
17.5.2011 23:32:34	8,8	46,9	53,7	18,0	0	0	0	0	23:35	3	0	0	0	0	0	1	779	71	1483648	1,00	
17.5.2011 23:33:35	8,8	46,8	53,6	18,0	0	0	0	0	23:36	3	0	0	0	0	0	1	779	71	1483648	1,00	
17.5.2011 23:34:36	8,7	46,8	53,6	18,0	0	0	0	0	23:37	3	0	0	0	0	0	1	779	71	1483648	1,00	
17.5.2011 23:35:38	8,7	46,8	53,6	18,0	0	0	0	0	23:38	3	0	0	0	0	0	1	779	71	1483648	1,00	
17.5.2011 23:36:39	8,7	46,8	53,6	18,0	0	0	0	0	23:39	3	0	0	0	0	0	1	779	71	1483648	1,00	
17.5.2011 23:37:40	8,7	46,7	53,6	18,0	0	0	0	0	23:40	3	0	0	0	0	0	1	779	71	1483648	1,00	
17.5.2011 23:38:41	8,7	46,7	53,6	18,0	0	0	0	0	23:41	3	0	0	0	0	0	1	779	71	1483648	1,00	
17.5.2011 23:39:43	8,6	46,6	53,6	18,0	0	0	0	0	23:43	3	0	0	0	0	0	1	779	71	1483648	1,00	
17.5.2011 23:40:43	8,6	46,6	53,6	17,9	0	0	0	0	23:44	3	0	0	0	0	0	1	779	71	1483648	1,00	
17.5.2011 23:41:45	8,5	46,6	53,6	17,9	0	0	0	0	23:45	3	0	0	0	0	0	1	779	71	1483648	1,00	
17.5.2011 23:42:46	8,5	46,5	53,6	18,0	0	0	0	0	23:46	3	0	0	0	0	0	1	779	71	1483648	1,00	
17.5.2011 23:43:48	8,5	46,5	53,4	17,9	0	0	0	0	23:47	3	0	0	0	0	0	1	779	71	1483648	1,00	
17.5.2011 23:44:48	8,5	46,4	53,4	17,9	0	0	0	0	23:48	3	0	0	0	0	0	1	779	71	1483648	1,00	
17.5.2011 23:45:49	8,4	46,4	53,3	17,9	0	0	0	0	23:49	3	0	0	0	0	0	1	779	71	1483648	1,00	
17.5.2011 23:46:51	8,4	46,4	53,3	17,9	0	0	0	0	23:50	3	0	0	0	0	0	1	779	71	1483648	1,00	
17.5.2011 23:47:52	8,4	46,4	53,3	17,9	0	0	0	0	23:51	3	0	0	0	0	0	1	779	71	1483648	1,00	
17.5.2011 23:48:53	8,3	46,4	53,3	17,9	0	0	0	0	23:52	3	0	0	0	0	0	1	779	71	1483648	1,00	
17.5.2011 23:49:54	8,3	46,4	53,3	17,9	0	0	0	0	23:53	3	0	0	0	0	0	1	779	71	1483648	1,00	
17.5.2011 23:50:56	8,3	46,4	53,3	17,9	0	0	0	0	23:54	3	0	0	0	0	0	1	779	71	1483648	1,00	
17.5.2011 23:51:57	8,3	46,4	53,3	17,9	0	0	0	0	23:55	3	0	0	0	0	0	1	779	71	1483648	1,00	
17.5.2011 23:52:58	8,3	46,4	53,3	17,9	0	0	0	0	23:56	3	0	0	0	0	0	1	779	71	1483648	1,00	
17.5.2011 23:53:59	8,2	46,4	53,3	17,9	0	0	0	0	23:57	3	0	0	0	0	0	1	779	71	1483648	1,00	
17.5.2011 23:55:01	8,2	46,4	53,3	17,9	0	0	0	0	23:58	3	0	0	0	0	0	1	779	71	1483648	1,00	
17.5.2011 23:56:02	8,2	46,4	53,3	17,9	0	0	0	0	23:59	3	0	0	0	0	0	1	779	71	1483648	1,00	
17.5.2011 23:57:03	8,2	46,3	53,3	17,9	0	0	0	0	00:00	3	0	0	0	0	0	1	779	71	1483648	1,00	
17.5.2011 23:58:04	8,2	46,3	53,3	17,9	0	0	0	0	00:01	3	0	0	0	0	0	1	779	71	1483648	1,00	
17.5.2011 23:59:05	8,1	46,3	53,3	17,9	0	0	0	0	00:02	3	0	0	0	0	0	1	779	71	1483648	1,00	
